[0.131s] Invoking command in '/home/ibrahim/ChampQuadbot/build/champ_gazebo': CMAKE_PREFIX_PATH=/home/ibrahim/ChampQuadbot/install/champ_msgs:/home/ibrahim/ChampQuadbot/install/champ:/home/ibrahim/ChampQuadbot/install/quadbot_config:/home/ibrahim/ChampQuadbot/install/champbot_nodes:/home/ibrahim/ChampQuadbot/install/champ_teleop:/home/ibrahim/ChampQuadbot/install/champ_navigation:/home/ibrahim/ChampQuadbot/install/champ_gazebo:/home/ibrahim/ChampQuadbot/install/champ_bringup:/home/ibrahim/ChampQuadbot/install/champ_base:/home/ibrahim/ChampQuadbot/install/champ_description:/home/ibrahim/ChampQuadbot/install/champ_config:/home/ibrahim/RobotArmExpanded/install/main_arm_package:/home/ibrahim/RobotArmExpanded/install/action_interfaces:/home/ibrahim/MoveItArm/install/moveit_config:/home/ibrahim/MoveItArm/install/moveit_arm_package:/home/ibrahim/TF2Sample/install/tf2sim:/home/ibrahim/RobotNav/install/main_robot_nodes:/home/ibrahim/RobotNav/install/action_interfaces:/home/ibrahim/RobotMonitor/install/Robot3Node_Package:/home/ibrahim/ros2_ws/install/my_first_package:/home/ibrahim/ros2_ws/install/action_interfaces:/home/ibrahim/RobotArm/install/main_arm_package:/home/ibrahim/RobotArm/install/action_interfaces:/opt/ros/humble LD_LIBRARY_PATH=/home/ibrahim/ChampQuadbot/install/champ_msgs/lib:/home/ibrahim/ChampQuadbot/install/champ_base/lib:/home/ibrahim/RobotArmExpanded/install/action_interfaces/lib:/home/ibrahim/RobotArm/install/action_interfaces/lib:/home/ibrahim/RobotNav/install/action_interfaces/lib:/home/ibrahim/ros2_ws/install/action_interfaces/lib:/usr/lib/x86_64-linux-gnu/gazebo-11/plugins:/opt/ros/humble/opt/rviz_ogre_vendor/lib:/opt/ros/humble/lib/x86_64-linux-gnu:/opt/ros/humble/lib /usr/bin/cmake --build /home/ibrahim/ChampQuadbot/build/champ_gazebo -- -j16 -l16
[0.228s] [100%] Built target contact_sensor
[0.245s] Invoked command in '/home/ibrahim/ChampQuadbot/build/champ_gazebo' returned '0': CMAKE_PREFIX_PATH=/home/ibrahim/ChampQuadbot/install/champ_msgs:/home/ibrahim/ChampQuadbot/install/champ:/home/ibrahim/ChampQuadbot/install/quadbot_config:/home/ibrahim/ChampQuadbot/install/champbot_nodes:/home/ibrahim/ChampQuadbot/install/champ_teleop:/home/ibrahim/ChampQuadbot/install/champ_navigation:/home/ibrahim/ChampQuadbot/install/champ_gazebo:/home/ibrahim/ChampQuadbot/install/champ_bringup:/home/ibrahim/ChampQuadbot/install/champ_base:/home/ibrahim/ChampQuadbot/install/champ_description:/home/ibrahim/ChampQuadbot/install/champ_config:/home/ibrahim/RobotArmExpanded/install/main_arm_package:/home/ibrahim/RobotArmExpanded/install/action_interfaces:/home/ibrahim/MoveItArm/install/moveit_config:/home/ibrahim/MoveItArm/install/moveit_arm_package:/home/ibrahim/TF2Sample/install/tf2sim:/home/ibrahim/RobotNav/install/main_robot_nodes:/home/ibrahim/RobotNav/install/action_interfaces:/home/ibrahim/RobotMonitor/install/Robot3Node_Package:/home/ibrahim/ros2_ws/install/my_first_package:/home/ibrahim/ros2_ws/install/action_interfaces:/home/ibrahim/RobotArm/install/main_arm_package:/home/ibrahim/RobotArm/install/action_interfaces:/opt/ros/humble LD_LIBRARY_PATH=/home/ibrahim/ChampQuadbot/install/champ_msgs/lib:/home/ibrahim/ChampQuadbot/install/champ_base/lib:/home/ibrahim/RobotArmExpanded/install/action_interfaces/lib:/home/ibrahim/RobotArm/install/action_interfaces/lib:/home/ibrahim/RobotNav/install/action_interfaces/lib:/home/ibrahim/ros2_ws/install/action_interfaces/lib:/usr/lib/x86_64-linux-gnu/gazebo-11/plugins:/opt/ros/humble/opt/rviz_ogre_vendor/lib:/opt/ros/humble/lib/x86_64-linux-gnu:/opt/ros/humble/lib /usr/bin/cmake --build /home/ibrahim/ChampQuadbot/build/champ_gazebo -- -j16 -l16
[0.246s] Invoking command in '/home/ibrahim/ChampQuadbot/build/champ_gazebo': CMAKE_PREFIX_PATH=/home/ibrahim/ChampQuadbot/install/champ_msgs:/home/ibrahim/ChampQuadbot/install/champ:/home/ibrahim/ChampQuadbot/install/quadbot_config:/home/ibrahim/ChampQuadbot/install/champbot_nodes:/home/ibrahim/ChampQuadbot/install/champ_teleop:/home/ibrahim/ChampQuadbot/install/champ_navigation:/home/ibrahim/ChampQuadbot/install/champ_gazebo:/home/ibrahim/ChampQuadbot/install/champ_bringup:/home/ibrahim/ChampQuadbot/install/champ_base:/home/ibrahim/ChampQuadbot/install/champ_description:/home/ibrahim/ChampQuadbot/install/champ_config:/home/ibrahim/RobotArmExpanded/install/main_arm_package:/home/ibrahim/RobotArmExpanded/install/action_interfaces:/home/ibrahim/MoveItArm/install/moveit_config:/home/ibrahim/MoveItArm/install/moveit_arm_package:/home/ibrahim/TF2Sample/install/tf2sim:/home/ibrahim/RobotNav/install/main_robot_nodes:/home/ibrahim/RobotNav/install/action_interfaces:/home/ibrahim/RobotMonitor/install/Robot3Node_Package:/home/ibrahim/ros2_ws/install/my_first_package:/home/ibrahim/ros2_ws/install/action_interfaces:/home/ibrahim/RobotArm/install/main_arm_package:/home/ibrahim/RobotArm/install/action_interfaces:/opt/ros/humble LD_LIBRARY_PATH=/home/ibrahim/ChampQuadbot/install/champ_msgs/lib:/home/ibrahim/ChampQuadbot/install/champ_base/lib:/home/ibrahim/RobotArmExpanded/install/action_interfaces/lib:/home/ibrahim/RobotArm/install/action_interfaces/lib:/home/ibrahim/RobotNav/install/action_interfaces/lib:/home/ibrahim/ros2_ws/install/action_interfaces/lib:/usr/lib/x86_64-linux-gnu/gazebo-11/plugins:/opt/ros/humble/opt/rviz_ogre_vendor/lib:/opt/ros/humble/lib/x86_64-linux-gnu:/opt/ros/humble/lib /usr/bin/cmake --install /home/ibrahim/ChampQuadbot/build/champ_gazebo
[0.254s] -- Install configuration: ""
[0.254s] -- Up-to-date: /home/ibrahim/ChampQuadbot/install/champ_gazebo/bin/imu_sensor.py
[0.254s] -- Up-to-date: /home/ibrahim/ChampQuadbot/install/champ_gazebo/bin/odometry_tf.py
[0.255s] -- Up-to-date: /home/ibrahim/ChampQuadbot/install/champ_gazebo/bin/odometry.py
[0.255s] -- Up-to-date: /home/ibrahim/ChampQuadbot/install/champ_gazebo/lib/champ_gazebo/contact_sensor
[0.255s] -- Up-to-date: /home/ibrahim/ChampQuadbot/install/champ_gazebo/share/champ_gazebo/launch
[0.255s] -- Up-to-date: /home/ibrahim/ChampQuadbot/install/champ_gazebo/share/champ_gazebo/launch/spawn_robot.launch
[0.256s] -- Up-to-date: /home/ibrahim/ChampQuadbot/install/champ_gazebo/share/champ_gazebo/launch/spawn_world.launch
[0.256s] -- Up-to-date: /home/ibrahim/ChampQuadbot/install/champ_gazebo/share/champ_gazebo/launch/gazebo.launch
[0.256s] -- Up-to-date: /home/ibrahim/ChampQuadbot/install/champ_gazebo/share/champ_gazebo/launch/gazebo.launch.py
[0.256s] -- Up-to-date: /home/ibrahim/ChampQuadbot/install/champ_gazebo/share/champ_gazebo/config
[0.256s] -- Up-to-date: /home/ibrahim/ChampQuadbot/install/champ_gazebo/share/champ_gazebo/config/gazebo.yaml
[0.257s] -- Up-to-date: /home/ibrahim/ChampQuadbot/install/champ_gazebo/share/champ_gazebo/config/ros_control.yaml
[0.258s] -- Up-to-date: /home/ibrahim/ChampQuadbot/install/champ_gazebo/share/champ_gazebo/worlds
[0.259s] -- Up-to-date: /home/ibrahim/ChampQuadbot/install/champ_gazebo/share/champ_gazebo/worlds/playground.world
[0.259s] -- Up-to-date: /home/ibrahim/ChampQuadbot/install/champ_gazebo/share/champ_gazebo/worlds/outdoor.world
[0.259s] -- Up-to-date: /home/ibrahim/ChampQuadbot/install/champ_gazebo/share/champ_gazebo/worlds/default.world
[0.259s] -- Up-to-date: /home/ibrahim/ChampQuadbot/install/champ_gazebo/share/ament_index/resource_index/package_run_dependencies/champ_gazebo
[0.259s] -- Up-to-date: /home/ibrahim/ChampQuadbot/install/champ_gazebo/share/ament_index/resource_index/parent_prefix_path/champ_gazebo
[0.259s] -- Up-to-date: /home/ibrahim/ChampQuadbot/install/champ_gazebo/share/champ_gazebo/environment/ament_prefix_path.sh
[0.259s] -- Up-to-date: /home/ibrahim/ChampQuadbot/install/champ_gazebo/share/champ_gazebo/environment/ament_prefix_path.dsv
[0.260s] -- Up-to-date: /home/ibrahim/ChampQuadbot/install/champ_gazebo/share/champ_gazebo/environment/path.sh
[0.261s] -- Up-to-date: /home/ibrahim/ChampQuadbot/install/champ_gazebo/share/champ_gazebo/environment/path.dsv
[0.263s] -- Up-to-date: /home/ibrahim/ChampQuadbot/install/champ_gazebo/share/champ_gazebo/local_setup.bash
[0.264s] -- Up-to-date: /home/ibrahim/ChampQuadbot/install/champ_gazebo/share/champ_gazebo/local_setup.sh
[0.264s] -- Up-to-date: /home/ibrahim/ChampQuadbot/install/champ_gazebo/share/champ_gazebo/local_setup.zsh
[0.264s] -- Up-to-date: /home/ibrahim/ChampQuadbot/install/champ_gazebo/share/champ_gazebo/local_setup.dsv
[0.264s] -- Installing: /home/ibrahim/ChampQuadbot/install/champ_gazebo/share/champ_gazebo/package.dsv
[0.265s] -- Up-to-date: /home/ibrahim/ChampQuadbot/install/champ_gazebo/share/ament_index/resource_index/packages/champ_gazebo
[0.265s] -- Up-to-date: /home/ibrahim/ChampQuadbot/install/champ_gazebo/share/champ_gazebo/cmake/ament_cmake_export_include_directories-extras.cmake
[0.265s] -- Up-to-date: /home/ibrahim/ChampQuadbot/install/champ_gazebo/share/champ_gazebo/cmake/ament_cmake_export_dependencies-extras.cmake
[0.265s] -- Up-to-date: /home/ibrahim/ChampQuadbot/install/champ_gazebo/share/champ_gazebo/cmake/champ_gazeboConfig.cmake
[0.265s] -- Up-to-date: /home/ibrahim/ChampQuadbot/install/champ_gazebo/share/champ_gazebo/cmake/champ_gazeboConfig-version.cmake
[0.265s] -- Up-to-date: /home/ibrahim/ChampQuadbot/install/champ_gazebo/share/champ_gazebo/package.xml
[0.267s] Invoked command in '/home/ibrahim/ChampQuadbot/build/champ_gazebo' returned '0': CMAKE_PREFIX_PATH=/home/ibrahim/ChampQuadbot/install/champ_msgs:/home/ibrahim/ChampQuadbot/install/champ:/home/ibrahim/ChampQuadbot/install/quadbot_config:/home/ibrahim/ChampQuadbot/install/champbot_nodes:/home/ibrahim/ChampQuadbot/install/champ_teleop:/home/ibrahim/ChampQuadbot/install/champ_navigation:/home/ibrahim/ChampQuadbot/install/champ_gazebo:/home/ibrahim/ChampQuadbot/install/champ_bringup:/home/ibrahim/ChampQuadbot/install/champ_base:/home/ibrahim/ChampQuadbot/install/champ_description:/home/ibrahim/ChampQuadbot/install/champ_config:/home/ibrahim/RobotArmExpanded/install/main_arm_package:/home/ibrahim/RobotArmExpanded/install/action_interfaces:/home/ibrahim/MoveItArm/install/moveit_config:/home/ibrahim/MoveItArm/install/moveit_arm_package:/home/ibrahim/TF2Sample/install/tf2sim:/home/ibrahim/RobotNav/install/main_robot_nodes:/home/ibrahim/RobotNav/install/action_interfaces:/home/ibrahim/RobotMonitor/install/Robot3Node_Package:/home/ibrahim/ros2_ws/install/my_first_package:/home/ibrahim/ros2_ws/install/action_interfaces:/home/ibrahim/RobotArm/install/main_arm_package:/home/ibrahim/RobotArm/install/action_interfaces:/opt/ros/humble LD_LIBRARY_PATH=/home/ibrahim/ChampQuadbot/install/champ_msgs/lib:/home/ibrahim/ChampQuadbot/install/champ_base/lib:/home/ibrahim/RobotArmExpanded/install/action_interfaces/lib:/home/ibrahim/RobotArm/install/action_interfaces/lib:/home/ibrahim/RobotNav/install/action_interfaces/lib:/home/ibrahim/ros2_ws/install/action_interfaces/lib:/usr/lib/x86_64-linux-gnu/gazebo-11/plugins:/opt/ros/humble/opt/rviz_ogre_vendor/lib:/opt/ros/humble/lib/x86_64-linux-gnu:/opt/ros/humble/lib /usr/bin/cmake --install /home/ibrahim/ChampQuadbot/build/champ_gazebo
