[0.065s] Invoking command in '/home/ibrahim/ChampQuadbot/build/quadbot_config': AMENT_PREFIX_PATH=/home/ibrahim/ChampQuadbot/install/champbot_nodes:${AMENT_PREFIX_PATH} CMAKE_PREFIX_PATH=/home/ibrahim/ChampQuadbot/install/champbot_nodes:/home/ibrahim/RobotArmExpanded/install/main_arm_package:/home/ibrahim/RobotArmExpanded/install/action_interfaces:/home/ibrahim/MoveItArm/install/moveit_config:/home/ibrahim/MoveItArm/install/moveit_arm_package:/home/ibrahim/TF2Sample/install/tf2sim:/home/ibrahim/RobotNav/install/main_robot_nodes:/home/ibrahim/RobotNav/install/action_interfaces:/home/ibrahim/RobotMonitor/install/Robot3Node_Package:/home/ibrahim/ros2_ws/install/my_first_package:/home/ibrahim/ros2_ws/install/action_interfaces:/home/ibrahim/RobotArm/install/main_arm_package:/home/ibrahim/RobotArm/install/action_interfaces:/opt/ros/humble /usr/bin/cmake /home/ibrahim/ChampQuadbot/src/quadbot_config -DCMAKE_INSTALL_PREFIX=/home/ibrahim/ChampQuadbot/install/quadbot_config
[0.326s] -- The C compiler identification is GNU 11.4.0
[0.935s] -- The CXX compiler identification is GNU 11.4.0
[1.336s] -- Detecting C compiler ABI info
[1.522s] -- Detecting C compiler ABI info - done
[1.529s] -- Check for working C compiler: /usr/bin/cc - skipped
[1.529s] -- Detecting C compile features
[1.530s] -- Detecting C compile features - done
[1.535s] -- Detecting CXX compiler ABI info
[1.737s] -- Detecting CXX compiler ABI info - done
[1.743s] -- Check for working CXX compiler: /usr/bin/c++ - skipped
[1.743s] -- Detecting CXX compile features
[1.743s] -- Detecting CXX compile features - done
[1.779s] -- Found ament_cmake: 1.3.14 (/opt/ros/humble/share/ament_cmake/cmake)
[1.943s] -- Found Python3: /usr/bin/python3 (found version "3.10.12") found components: Interpreter 
[2.136s] -- Configuring done
[2.147s] -- Generating done
[2.150s] -- Build files have been written to: /home/ibrahim/ChampQuadbot/build/quadbot_config
[2.156s] Invoked command in '/home/ibrahim/ChampQuadbot/build/quadbot_config' returned '0': AMENT_PREFIX_PATH=/home/ibrahim/ChampQuadbot/install/champbot_nodes:${AMENT_PREFIX_PATH} CMAKE_PREFIX_PATH=/home/ibrahim/ChampQuadbot/install/champbot_nodes:/home/ibrahim/RobotArmExpanded/install/main_arm_package:/home/ibrahim/RobotArmExpanded/install/action_interfaces:/home/ibrahim/MoveItArm/install/moveit_config:/home/ibrahim/MoveItArm/install/moveit_arm_package:/home/ibrahim/TF2Sample/install/tf2sim:/home/ibrahim/RobotNav/install/main_robot_nodes:/home/ibrahim/RobotNav/install/action_interfaces:/home/ibrahim/RobotMonitor/install/Robot3Node_Package:/home/ibrahim/ros2_ws/install/my_first_package:/home/ibrahim/ros2_ws/install/action_interfaces:/home/ibrahim/RobotArm/install/main_arm_package:/home/ibrahim/RobotArm/install/action_interfaces:/opt/ros/humble /usr/bin/cmake /home/ibrahim/ChampQuadbot/src/quadbot_config -DCMAKE_INSTALL_PREFIX=/home/ibrahim/ChampQuadbot/install/quadbot_config
[2.158s] Invoking command in '/home/ibrahim/ChampQuadbot/build/quadbot_config': AMENT_PREFIX_PATH=/home/ibrahim/ChampQuadbot/install/champbot_nodes:${AMENT_PREFIX_PATH} CMAKE_PREFIX_PATH=/home/ibrahim/ChampQuadbot/install/champbot_nodes:/home/ibrahim/RobotArmExpanded/install/main_arm_package:/home/ibrahim/RobotArmExpanded/install/action_interfaces:/home/ibrahim/MoveItArm/install/moveit_config:/home/ibrahim/MoveItArm/install/moveit_arm_package:/home/ibrahim/TF2Sample/install/tf2sim:/home/ibrahim/RobotNav/install/main_robot_nodes:/home/ibrahim/RobotNav/install/action_interfaces:/home/ibrahim/RobotMonitor/install/Robot3Node_Package:/home/ibrahim/ros2_ws/install/my_first_package:/home/ibrahim/ros2_ws/install/action_interfaces:/home/ibrahim/RobotArm/install/main_arm_package:/home/ibrahim/RobotArm/install/action_interfaces:/opt/ros/humble /usr/bin/cmake --build /home/ibrahim/ChampQuadbot/build/quadbot_config -- -j16 -l16
[2.213s] Invoked command in '/home/ibrahim/ChampQuadbot/build/quadbot_config' returned '0': AMENT_PREFIX_PATH=/home/ibrahim/ChampQuadbot/install/champbot_nodes:${AMENT_PREFIX_PATH} CMAKE_PREFIX_PATH=/home/ibrahim/ChampQuadbot/install/champbot_nodes:/home/ibrahim/RobotArmExpanded/install/main_arm_package:/home/ibrahim/RobotArmExpanded/install/action_interfaces:/home/ibrahim/MoveItArm/install/moveit_config:/home/ibrahim/MoveItArm/install/moveit_arm_package:/home/ibrahim/TF2Sample/install/tf2sim:/home/ibrahim/RobotNav/install/main_robot_nodes:/home/ibrahim/RobotNav/install/action_interfaces:/home/ibrahim/RobotMonitor/install/Robot3Node_Package:/home/ibrahim/ros2_ws/install/my_first_package:/home/ibrahim/ros2_ws/install/action_interfaces:/home/ibrahim/RobotArm/install/main_arm_package:/home/ibrahim/RobotArm/install/action_interfaces:/opt/ros/humble /usr/bin/cmake --build /home/ibrahim/ChampQuadbot/build/quadbot_config -- -j16 -l16
[2.215s] Invoking command in '/home/ibrahim/ChampQuadbot/build/quadbot_config': AMENT_PREFIX_PATH=/home/ibrahim/ChampQuadbot/install/champbot_nodes:${AMENT_PREFIX_PATH} CMAKE_PREFIX_PATH=/home/ibrahim/ChampQuadbot/install/champbot_nodes:/home/ibrahim/RobotArmExpanded/install/main_arm_package:/home/ibrahim/RobotArmExpanded/install/action_interfaces:/home/ibrahim/MoveItArm/install/moveit_config:/home/ibrahim/MoveItArm/install/moveit_arm_package:/home/ibrahim/TF2Sample/install/tf2sim:/home/ibrahim/RobotNav/install/main_robot_nodes:/home/ibrahim/RobotNav/install/action_interfaces:/home/ibrahim/RobotMonitor/install/Robot3Node_Package:/home/ibrahim/ros2_ws/install/my_first_package:/home/ibrahim/ros2_ws/install/action_interfaces:/home/ibrahim/RobotArm/install/main_arm_package:/home/ibrahim/RobotArm/install/action_interfaces:/opt/ros/humble /usr/bin/cmake --install /home/ibrahim/ChampQuadbot/build/quadbot_config
[2.225s] -- Install configuration: ""
[2.225s] -- Installing: /home/ibrahim/ChampQuadbot/install/quadbot_config/share/quadbot_config/launch
[2.227s] -- Installing: /home/ibrahim/ChampQuadbot/install/quadbot_config/share/quadbot_config/launch/bringup.launch.py
[2.228s] -- Installing: /home/ibrahim/ChampQuadbot/install/quadbot_config/share/quadbot_config/launch/gazebo.launch.py
[2.228s] -- Installing: /home/ibrahim/ChampQuadbot/install/quadbot_config/share/quadbot_config/config
[2.229s] -- Installing: /home/ibrahim/ChampQuadbot/install/quadbot_config/share/quadbot_config/config/joints
[2.229s] -- Installing: /home/ibrahim/ChampQuadbot/install/quadbot_config/share/quadbot_config/config/joints/joints.yaml
[2.230s] -- Installing: /home/ibrahim/ChampQuadbot/install/quadbot_config/share/quadbot_config/config/links
[2.230s] -- Installing: /home/ibrahim/ChampQuadbot/install/quadbot_config/share/quadbot_config/config/links/links.yaml
[2.230s] -- Installing: /home/ibrahim/ChampQuadbot/install/quadbot_config/share/quadbot_config/config/gait
[2.231s] -- Installing: /home/ibrahim/ChampQuadbot/install/quadbot_config/share/quadbot_config/config/gait/gait.yaml
[2.231s] -- Installing: /home/ibrahim/ChampQuadbot/install/quadbot_config/share/quadbot_config/config/ros_control
[2.232s] -- Installing: /home/ibrahim/ChampQuadbot/install/quadbot_config/share/quadbot_config/config/ros_control/ros_control.yaml
[2.235s] -- Installing: /home/ibrahim/ChampQuadbot/install/quadbot_config/share/ament_index/resource_index/package_run_dependencies/quadbot_config
[2.235s] -- Installing: /home/ibrahim/ChampQuadbot/install/quadbot_config/share/ament_index/resource_index/parent_prefix_path/quadbot_config
[2.236s] -- Installing: /home/ibrahim/ChampQuadbot/install/quadbot_config/share/quadbot_config/environment/ament_prefix_path.sh
[2.237s] -- Installing: /home/ibrahim/ChampQuadbot/install/quadbot_config/share/quadbot_config/environment/ament_prefix_path.dsv
[2.237s] -- Installing: /home/ibrahim/ChampQuadbot/install/quadbot_config/share/quadbot_config/environment/path.sh
[2.237s] -- Installing: /home/ibrahim/ChampQuadbot/install/quadbot_config/share/quadbot_config/environment/path.dsv
[2.238s] -- Installing: /home/ibrahim/ChampQuadbot/install/quadbot_config/share/quadbot_config/local_setup.bash
[2.238s] -- Installing: /home/ibrahim/ChampQuadbot/install/quadbot_config/share/quadbot_config/local_setup.sh
[2.238s] -- Installing: /home/ibrahim/ChampQuadbot/install/quadbot_config/share/quadbot_config/local_setup.zsh
[2.239s] -- Installing: /home/ibrahim/ChampQuadbot/install/quadbot_config/share/quadbot_config/local_setup.dsv
[2.239s] -- Installing: /home/ibrahim/ChampQuadbot/install/quadbot_config/share/quadbot_config/package.dsv
[2.240s] -- Installing: /home/ibrahim/ChampQuadbot/install/quadbot_config/share/ament_index/resource_index/packages/quadbot_config
[2.241s] -- Installing: /home/ibrahim/ChampQuadbot/install/quadbot_config/share/quadbot_config/cmake/quadbot_configConfig.cmake
[2.241s] -- Installing: /home/ibrahim/ChampQuadbot/install/quadbot_config/share/quadbot_config/cmake/quadbot_configConfig-version.cmake
[2.242s] -- Installing: /home/ibrahim/ChampQuadbot/install/quadbot_config/share/quadbot_config/package.xml
[2.246s] Invoked command in '/home/ibrahim/ChampQuadbot/build/quadbot_config' returned '0': AMENT_PREFIX_PATH=/home/ibrahim/ChampQuadbot/install/champbot_nodes:${AMENT_PREFIX_PATH} CMAKE_PREFIX_PATH=/home/ibrahim/ChampQuadbot/install/champbot_nodes:/home/ibrahim/RobotArmExpanded/install/main_arm_package:/home/ibrahim/RobotArmExpanded/install/action_interfaces:/home/ibrahim/MoveItArm/install/moveit_config:/home/ibrahim/MoveItArm/install/moveit_arm_package:/home/ibrahim/TF2Sample/install/tf2sim:/home/ibrahim/RobotNav/install/main_robot_nodes:/home/ibrahim/RobotNav/install/action_interfaces:/home/ibrahim/RobotMonitor/install/Robot3Node_Package:/home/ibrahim/ros2_ws/install/my_first_package:/home/ibrahim/ros2_ws/install/action_interfaces:/home/ibrahim/RobotArm/install/main_arm_package:/home/ibrahim/RobotArm/install/action_interfaces:/opt/ros/humble /usr/bin/cmake --install /home/ibrahim/ChampQuadbot/build/quadbot_config
