[0.498s] DEBUG:colcon:Command line arguments: ['/usr/bin/colcon', 'build', '--packages-select', 'quadbot_config']
[0.499s] DEBUG:colcon:Parsed command line arguments: Namespace(log_base=None, log_level=None, verb_name='build', build_base='build', install_base='install', merge_install=False, symlink_install=False, test_result_base=None, continue_on_error=False, executor='parallel', parallel_workers=16, event_handlers=None, ignore_user_meta=False, metas=['./colcon.meta'], base_paths=['.'], packages_ignore=None, packages_ignore_regex=None, paths=None, packages_up_to=None, packages_up_to_regex=None, packages_above=None, packages_above_and_dependencies=None, packages_above_depth=None, packages_select_by_dep=None, packages_skip_by_dep=None, packages_skip_up_to=None, packages_select_build_failed=False, packages_skip_build_finished=False, packages_select_test_failures=False, packages_skip_test_passed=False, packages_select=['quadbot_config'], packages_skip=None, packages_select_regex=None, packages_skip_regex=None, packages_start=None, packages_end=None, allow_overriding=[], cmake_args=None, cmake_target=None, cmake_target_skip_unavailable=False, cmake_clean_cache=False, cmake_clean_first=False, cmake_force_configure=False, ament_cmake_args=None, catkin_cmake_args=None, catkin_skip_building_tests=False, verb_parser=<colcon_defaults.argument_parser.defaults.DefaultArgumentsDecorator object at 0x7e8f3a859180>, verb_extension=<colcon_core.verb.build.BuildVerb object at 0x7e8f3a858bb0>, main=<bound method BuildVerb.main of <colcon_core.verb.build.BuildVerb object at 0x7e8f3a858bb0>>)
[0.763s] Level 1:colcon.colcon_core.package_discovery:discover_packages(colcon_meta) check parameters
[0.763s] Level 1:colcon.colcon_core.package_discovery:discover_packages(recursive) check parameters
[0.763s] Level 1:colcon.colcon_core.package_discovery:discover_packages(ignore) check parameters
[0.763s] Level 1:colcon.colcon_core.package_discovery:discover_packages(path) check parameters
[0.763s] Level 1:colcon.colcon_core.package_discovery:discover_packages(colcon_meta) discover
[0.764s] Level 1:colcon.colcon_core.package_discovery:discover_packages(recursive) discover
[0.764s] INFO:colcon.colcon_core.package_discovery:Crawling recursively for packages in '/home/ibrahim/ChampQuadbot'
[0.764s] Level 1:colcon.colcon_core.package_identification:_identify(.) by extensions ['ignore', 'ignore_ament_install']
[0.764s] Level 1:colcon.colcon_core.package_identification:_identify(.) by extension 'ignore'
[0.764s] Level 1:colcon.colcon_core.package_identification:_identify(.) by extension 'ignore_ament_install'
[0.764s] Level 1:colcon.colcon_core.package_identification:_identify(.) by extensions ['colcon_pkg']
[0.764s] Level 1:colcon.colcon_core.package_identification:_identify(.) by extension 'colcon_pkg'
[0.764s] Level 1:colcon.colcon_core.package_identification:_identify(.) by extensions ['colcon_meta']
[0.764s] Level 1:colcon.colcon_core.package_identification:_identify(.) by extension 'colcon_meta'
[0.765s] Level 1:colcon.colcon_core.package_identification:_identify(.) by extensions ['ros']
[0.765s] Level 1:colcon.colcon_core.package_identification:_identify(.) by extension 'ros'
[0.783s] Level 1:colcon.colcon_core.package_identification:_identify(.) by extensions ['cmake', 'python']
[0.783s] Level 1:colcon.colcon_core.package_identification:_identify(.) by extension 'cmake'
[0.783s] Level 1:colcon.colcon_core.package_identification:_identify(.) by extension 'python'
[0.783s] Level 1:colcon.colcon_core.package_identification:_identify(.) by extensions ['python_setup_py']
[0.783s] Level 1:colcon.colcon_core.package_identification:_identify(.) by extension 'python_setup_py'
[0.783s] Level 1:colcon.colcon_core.package_identification:_identify(build) by extensions ['ignore', 'ignore_ament_install']
[0.783s] Level 1:colcon.colcon_core.package_identification:_identify(build) by extension 'ignore'
[0.783s] Level 1:colcon.colcon_core.package_identification:_identify(build) ignored
[0.784s] Level 1:colcon.colcon_core.package_identification:_identify(install) by extensions ['ignore', 'ignore_ament_install']
[0.784s] Level 1:colcon.colcon_core.package_identification:_identify(install) by extension 'ignore'
[0.784s] Level 1:colcon.colcon_core.package_identification:_identify(install) ignored
[0.785s] Level 1:colcon.colcon_core.package_identification:_identify(log) by extensions ['ignore', 'ignore_ament_install']
[0.785s] Level 1:colcon.colcon_core.package_identification:_identify(log) by extension 'ignore'
[0.785s] Level 1:colcon.colcon_core.package_identification:_identify(log) ignored
[0.785s] Level 1:colcon.colcon_core.package_identification:_identify(src) by extensions ['ignore', 'ignore_ament_install']
[0.785s] Level 1:colcon.colcon_core.package_identification:_identify(src) by extension 'ignore'
[0.785s] Level 1:colcon.colcon_core.package_identification:_identify(src) by extension 'ignore_ament_install'
[0.786s] Level 1:colcon.colcon_core.package_identification:_identify(src) by extensions ['colcon_pkg']
[0.786s] Level 1:colcon.colcon_core.package_identification:_identify(src) by extension 'colcon_pkg'
[0.786s] Level 1:colcon.colcon_core.package_identification:_identify(src) by extensions ['colcon_meta']
[0.786s] Level 1:colcon.colcon_core.package_identification:_identify(src) by extension 'colcon_meta'
[0.786s] Level 1:colcon.colcon_core.package_identification:_identify(src) by extensions ['ros']
[0.786s] Level 1:colcon.colcon_core.package_identification:_identify(src) by extension 'ros'
[0.786s] Level 1:colcon.colcon_core.package_identification:_identify(src) by extensions ['cmake', 'python']
[0.786s] Level 1:colcon.colcon_core.package_identification:_identify(src) by extension 'cmake'
[0.787s] Level 1:colcon.colcon_core.package_identification:_identify(src) by extension 'python'
[0.787s] Level 1:colcon.colcon_core.package_identification:_identify(src) by extensions ['python_setup_py']
[0.787s] Level 1:colcon.colcon_core.package_identification:_identify(src) by extension 'python_setup_py'
[0.787s] Level 1:colcon.colcon_core.package_identification:_identify(src/champ) by extensions ['ignore', 'ignore_ament_install']
[0.787s] Level 1:colcon.colcon_core.package_identification:_identify(src/champ) by extension 'ignore'
[0.787s] Level 1:colcon.colcon_core.package_identification:_identify(src/champ) by extension 'ignore_ament_install'
[0.787s] Level 1:colcon.colcon_core.package_identification:_identify(src/champ) by extensions ['colcon_pkg']
[0.787s] Level 1:colcon.colcon_core.package_identification:_identify(src/champ) by extension 'colcon_pkg'
[0.787s] Level 1:colcon.colcon_core.package_identification:_identify(src/champ) by extensions ['colcon_meta']
[0.787s] Level 1:colcon.colcon_core.package_identification:_identify(src/champ) by extension 'colcon_meta'
[0.787s] Level 1:colcon.colcon_core.package_identification:_identify(src/champ) by extensions ['ros']
[0.788s] Level 1:colcon.colcon_core.package_identification:_identify(src/champ) by extension 'ros'
[0.788s] Level 1:colcon.colcon_core.package_identification:_identify(src/champ) by extensions ['cmake', 'python']
[0.788s] Level 1:colcon.colcon_core.package_identification:_identify(src/champ) by extension 'cmake'
[0.788s] Level 1:colcon.colcon_core.package_identification:_identify(src/champ) by extension 'python'
[0.788s] Level 1:colcon.colcon_core.package_identification:_identify(src/champ) by extensions ['python_setup_py']
[0.788s] Level 1:colcon.colcon_core.package_identification:_identify(src/champ) by extension 'python_setup_py'
[0.788s] Level 1:colcon.colcon_core.package_identification:_identify(src/champ/champ) by extensions ['ignore', 'ignore_ament_install']
[0.788s] Level 1:colcon.colcon_core.package_identification:_identify(src/champ/champ) by extension 'ignore'
[0.788s] Level 1:colcon.colcon_core.package_identification:_identify(src/champ/champ) by extension 'ignore_ament_install'
[0.788s] Level 1:colcon.colcon_core.package_identification:_identify(src/champ/champ) by extensions ['colcon_pkg']
[0.788s] Level 1:colcon.colcon_core.package_identification:_identify(src/champ/champ) by extension 'colcon_pkg'
[0.788s] Level 1:colcon.colcon_core.package_identification:_identify(src/champ/champ) by extensions ['colcon_meta']
[0.788s] Level 1:colcon.colcon_core.package_identification:_identify(src/champ/champ) by extension 'colcon_meta'
[0.788s] Level 1:colcon.colcon_core.package_identification:_identify(src/champ/champ) by extensions ['ros']
[0.789s] Level 1:colcon.colcon_core.package_identification:_identify(src/champ/champ) by extension 'ros'
[0.793s] DEBUG:colcon.colcon_core.package_identification:Package 'src/champ/champ' with type 'ros.ament_cmake' and name 'champ'
[0.793s] Level 1:colcon.colcon_core.package_identification:_identify(src/champ/champ_base) by extensions ['ignore', 'ignore_ament_install']
[0.793s] Level 1:colcon.colcon_core.package_identification:_identify(src/champ/champ_base) by extension 'ignore'
[0.794s] Level 1:colcon.colcon_core.package_identification:_identify(src/champ/champ_base) by extension 'ignore_ament_install'
[0.794s] Level 1:colcon.colcon_core.package_identification:_identify(src/champ/champ_base) by extensions ['colcon_pkg']
[0.794s] Level 1:colcon.colcon_core.package_identification:_identify(src/champ/champ_base) by extension 'colcon_pkg'
[0.794s] Level 1:colcon.colcon_core.package_identification:_identify(src/champ/champ_base) by extensions ['colcon_meta']
[0.794s] Level 1:colcon.colcon_core.package_identification:_identify(src/champ/champ_base) by extension 'colcon_meta'
[0.794s] Level 1:colcon.colcon_core.package_identification:_identify(src/champ/champ_base) by extensions ['ros']
[0.794s] Level 1:colcon.colcon_core.package_identification:_identify(src/champ/champ_base) by extension 'ros'
[0.796s] DEBUG:colcon.colcon_core.package_identification:Package 'src/champ/champ_base' with type 'ros.ament_cmake' and name 'champ_base'
[0.797s] Level 1:colcon.colcon_core.package_identification:_identify(src/champ/champ_bringup) by extensions ['ignore', 'ignore_ament_install']
[0.797s] Level 1:colcon.colcon_core.package_identification:_identify(src/champ/champ_bringup) by extension 'ignore'
[0.797s] Level 1:colcon.colcon_core.package_identification:_identify(src/champ/champ_bringup) by extension 'ignore_ament_install'
[0.797s] Level 1:colcon.colcon_core.package_identification:_identify(src/champ/champ_bringup) by extensions ['colcon_pkg']
[0.797s] Level 1:colcon.colcon_core.package_identification:_identify(src/champ/champ_bringup) by extension 'colcon_pkg'
[0.797s] Level 1:colcon.colcon_core.package_identification:_identify(src/champ/champ_bringup) by extensions ['colcon_meta']
[0.797s] Level 1:colcon.colcon_core.package_identification:_identify(src/champ/champ_bringup) by extension 'colcon_meta'
[0.797s] Level 1:colcon.colcon_core.package_identification:_identify(src/champ/champ_bringup) by extensions ['ros']
[0.797s] Level 1:colcon.colcon_core.package_identification:_identify(src/champ/champ_bringup) by extension 'ros'
[0.798s] DEBUG:colcon.colcon_core.package_identification:Package 'src/champ/champ_bringup' with type 'ros.ament_cmake' and name 'champ_bringup'
[0.799s] Level 1:colcon.colcon_core.package_identification:_identify(src/champ/champ_config) by extensions ['ignore', 'ignore_ament_install']
[0.799s] Level 1:colcon.colcon_core.package_identification:_identify(src/champ/champ_config) by extension 'ignore'
[0.799s] Level 1:colcon.colcon_core.package_identification:_identify(src/champ/champ_config) by extension 'ignore_ament_install'
[0.799s] Level 1:colcon.colcon_core.package_identification:_identify(src/champ/champ_config) by extensions ['colcon_pkg']
[0.799s] Level 1:colcon.colcon_core.package_identification:_identify(src/champ/champ_config) by extension 'colcon_pkg'
[0.799s] Level 1:colcon.colcon_core.package_identification:_identify(src/champ/champ_config) by extensions ['colcon_meta']
[0.799s] Level 1:colcon.colcon_core.package_identification:_identify(src/champ/champ_config) by extension 'colcon_meta'
[0.799s] Level 1:colcon.colcon_core.package_identification:_identify(src/champ/champ_config) by extensions ['ros']
[0.799s] Level 1:colcon.colcon_core.package_identification:_identify(src/champ/champ_config) by extension 'ros'
[0.800s] DEBUG:colcon.colcon_core.package_identification:Package 'src/champ/champ_config' with type 'ros.ament_cmake' and name 'champ_config'
[0.800s] Level 1:colcon.colcon_core.package_identification:_identify(src/champ/champ_description) by extensions ['ignore', 'ignore_ament_install']
[0.800s] Level 1:colcon.colcon_core.package_identification:_identify(src/champ/champ_description) by extension 'ignore'
[0.800s] Level 1:colcon.colcon_core.package_identification:_identify(src/champ/champ_description) by extension 'ignore_ament_install'
[0.800s] Level 1:colcon.colcon_core.package_identification:_identify(src/champ/champ_description) by extensions ['colcon_pkg']
[0.800s] Level 1:colcon.colcon_core.package_identification:_identify(src/champ/champ_description) by extension 'colcon_pkg'
[0.801s] Level 1:colcon.colcon_core.package_identification:_identify(src/champ/champ_description) by extensions ['colcon_meta']
[0.801s] Level 1:colcon.colcon_core.package_identification:_identify(src/champ/champ_description) by extension 'colcon_meta'
[0.801s] Level 1:colcon.colcon_core.package_identification:_identify(src/champ/champ_description) by extensions ['ros']
[0.801s] Level 1:colcon.colcon_core.package_identification:_identify(src/champ/champ_description) by extension 'ros'
[0.801s] DEBUG:colcon.colcon_core.package_identification:Package 'src/champ/champ_description' with type 'ros.ament_cmake' and name 'champ_description'
[0.802s] Level 1:colcon.colcon_core.package_identification:_identify(src/champ/champ_gazebo) by extensions ['ignore', 'ignore_ament_install']
[0.802s] Level 1:colcon.colcon_core.package_identification:_identify(src/champ/champ_gazebo) by extension 'ignore'
[0.802s] Level 1:colcon.colcon_core.package_identification:_identify(src/champ/champ_gazebo) by extension 'ignore_ament_install'
[0.802s] Level 1:colcon.colcon_core.package_identification:_identify(src/champ/champ_gazebo) by extensions ['colcon_pkg']
[0.802s] Level 1:colcon.colcon_core.package_identification:_identify(src/champ/champ_gazebo) by extension 'colcon_pkg'
[0.802s] Level 1:colcon.colcon_core.package_identification:_identify(src/champ/champ_gazebo) by extensions ['colcon_meta']
[0.802s] Level 1:colcon.colcon_core.package_identification:_identify(src/champ/champ_gazebo) by extension 'colcon_meta'
[0.802s] Level 1:colcon.colcon_core.package_identification:_identify(src/champ/champ_gazebo) by extensions ['ros']
[0.802s] Level 1:colcon.colcon_core.package_identification:_identify(src/champ/champ_gazebo) by extension 'ros'
[0.803s] DEBUG:colcon.colcon_core.package_identification:Package 'src/champ/champ_gazebo' with type 'ros.ament_cmake' and name 'champ_gazebo'
[0.803s] Level 1:colcon.colcon_core.package_identification:_identify(src/champ/champ_msgs) by extensions ['ignore', 'ignore_ament_install']
[0.804s] Level 1:colcon.colcon_core.package_identification:_identify(src/champ/champ_msgs) by extension 'ignore'
[0.804s] Level 1:colcon.colcon_core.package_identification:_identify(src/champ/champ_msgs) by extension 'ignore_ament_install'
[0.804s] Level 1:colcon.colcon_core.package_identification:_identify(src/champ/champ_msgs) by extensions ['colcon_pkg']
[0.804s] Level 1:colcon.colcon_core.package_identification:_identify(src/champ/champ_msgs) by extension 'colcon_pkg'
[0.804s] Level 1:colcon.colcon_core.package_identification:_identify(src/champ/champ_msgs) by extensions ['colcon_meta']
[0.804s] Level 1:colcon.colcon_core.package_identification:_identify(src/champ/champ_msgs) by extension 'colcon_meta'
[0.804s] Level 1:colcon.colcon_core.package_identification:_identify(src/champ/champ_msgs) by extensions ['ros']
[0.804s] Level 1:colcon.colcon_core.package_identification:_identify(src/champ/champ_msgs) by extension 'ros'
[0.806s] DEBUG:colcon.colcon_core.package_identification:Package 'src/champ/champ_msgs' with type 'ros.ament_cmake' and name 'champ_msgs'
[0.806s] Level 1:colcon.colcon_core.package_identification:_identify(src/champ/champ_navigation) by extensions ['ignore', 'ignore_ament_install']
[0.806s] Level 1:colcon.colcon_core.package_identification:_identify(src/champ/champ_navigation) by extension 'ignore'
[0.807s] Level 1:colcon.colcon_core.package_identification:_identify(src/champ/champ_navigation) by extension 'ignore_ament_install'
[0.807s] Level 1:colcon.colcon_core.package_identification:_identify(src/champ/champ_navigation) by extensions ['colcon_pkg']
[0.807s] Level 1:colcon.colcon_core.package_identification:_identify(src/champ/champ_navigation) by extension 'colcon_pkg'
[0.807s] Level 1:colcon.colcon_core.package_identification:_identify(src/champ/champ_navigation) by extensions ['colcon_meta']
[0.807s] Level 1:colcon.colcon_core.package_identification:_identify(src/champ/champ_navigation) by extension 'colcon_meta'
[0.807s] Level 1:colcon.colcon_core.package_identification:_identify(src/champ/champ_navigation) by extensions ['ros']
[0.807s] Level 1:colcon.colcon_core.package_identification:_identify(src/champ/champ_navigation) by extension 'ros'
[0.808s] DEBUG:colcon.colcon_core.package_identification:Package 'src/champ/champ_navigation' with type 'ros.ament_cmake' and name 'champ_navigation'
[0.809s] Level 1:colcon.colcon_core.package_identification:_identify(src/champ/docs) by extensions ['ignore', 'ignore_ament_install']
[0.809s] Level 1:colcon.colcon_core.package_identification:_identify(src/champ/docs) by extension 'ignore'
[0.809s] Level 1:colcon.colcon_core.package_identification:_identify(src/champ/docs) by extension 'ignore_ament_install'
[0.809s] Level 1:colcon.colcon_core.package_identification:_identify(src/champ/docs) by extensions ['colcon_pkg']
[0.809s] Level 1:colcon.colcon_core.package_identification:_identify(src/champ/docs) by extension 'colcon_pkg'
[0.809s] Level 1:colcon.colcon_core.package_identification:_identify(src/champ/docs) by extensions ['colcon_meta']
[0.809s] Level 1:colcon.colcon_core.package_identification:_identify(src/champ/docs) by extension 'colcon_meta'
[0.809s] Level 1:colcon.colcon_core.package_identification:_identify(src/champ/docs) by extensions ['ros']
[0.809s] Level 1:colcon.colcon_core.package_identification:_identify(src/champ/docs) by extension 'ros'
[0.809s] Level 1:colcon.colcon_core.package_identification:_identify(src/champ/docs) by extensions ['cmake', 'python']
[0.809s] Level 1:colcon.colcon_core.package_identification:_identify(src/champ/docs) by extension 'cmake'
[0.809s] Level 1:colcon.colcon_core.package_identification:_identify(src/champ/docs) by extension 'python'
[0.809s] Level 1:colcon.colcon_core.package_identification:_identify(src/champ/docs) by extensions ['python_setup_py']
[0.809s] Level 1:colcon.colcon_core.package_identification:_identify(src/champ/docs) by extension 'python_setup_py'
[0.810s] Level 1:colcon.colcon_core.package_identification:_identify(src/champ/docs/images) by extensions ['ignore', 'ignore_ament_install']
[0.810s] Level 1:colcon.colcon_core.package_identification:_identify(src/champ/docs/images) by extension 'ignore'
[0.810s] Level 1:colcon.colcon_core.package_identification:_identify(src/champ/docs/images) by extension 'ignore_ament_install'
[0.810s] Level 1:colcon.colcon_core.package_identification:_identify(src/champ/docs/images) by extensions ['colcon_pkg']
[0.810s] Level 1:colcon.colcon_core.package_identification:_identify(src/champ/docs/images) by extension 'colcon_pkg'
[0.810s] Level 1:colcon.colcon_core.package_identification:_identify(src/champ/docs/images) by extensions ['colcon_meta']
[0.810s] Level 1:colcon.colcon_core.package_identification:_identify(src/champ/docs/images) by extension 'colcon_meta'
[0.810s] Level 1:colcon.colcon_core.package_identification:_identify(src/champ/docs/images) by extensions ['ros']
[0.810s] Level 1:colcon.colcon_core.package_identification:_identify(src/champ/docs/images) by extension 'ros'
[0.810s] Level 1:colcon.colcon_core.package_identification:_identify(src/champ/docs/images) by extensions ['cmake', 'python']
[0.810s] Level 1:colcon.colcon_core.package_identification:_identify(src/champ/docs/images) by extension 'cmake'
[0.811s] Level 1:colcon.colcon_core.package_identification:_identify(src/champ/docs/images) by extension 'python'
[0.811s] Level 1:colcon.colcon_core.package_identification:_identify(src/champ/docs/images) by extensions ['python_setup_py']
[0.811s] Level 1:colcon.colcon_core.package_identification:_identify(src/champ/docs/images) by extension 'python_setup_py'
[0.811s] Level 1:colcon.colcon_core.package_identification:_identify(src/champ_teleop) by extensions ['ignore', 'ignore_ament_install']
[0.811s] Level 1:colcon.colcon_core.package_identification:_identify(src/champ_teleop) by extension 'ignore'
[0.811s] Level 1:colcon.colcon_core.package_identification:_identify(src/champ_teleop) by extension 'ignore_ament_install'
[0.811s] Level 1:colcon.colcon_core.package_identification:_identify(src/champ_teleop) by extensions ['colcon_pkg']
[0.811s] Level 1:colcon.colcon_core.package_identification:_identify(src/champ_teleop) by extension 'colcon_pkg'
[0.811s] Level 1:colcon.colcon_core.package_identification:_identify(src/champ_teleop) by extensions ['colcon_meta']
[0.811s] Level 1:colcon.colcon_core.package_identification:_identify(src/champ_teleop) by extension 'colcon_meta'
[0.811s] Level 1:colcon.colcon_core.package_identification:_identify(src/champ_teleop) by extensions ['ros']
[0.811s] Level 1:colcon.colcon_core.package_identification:_identify(src/champ_teleop) by extension 'ros'
[0.812s] DEBUG:colcon.colcon_core.package_identification:Package 'src/champ_teleop' with type 'ros.ament_cmake' and name 'champ_teleop'
[0.812s] Level 1:colcon.colcon_core.package_identification:_identify(src/champbot_nodes) by extensions ['ignore', 'ignore_ament_install']
[0.812s] Level 1:colcon.colcon_core.package_identification:_identify(src/champbot_nodes) by extension 'ignore'
[0.812s] Level 1:colcon.colcon_core.package_identification:_identify(src/champbot_nodes) by extension 'ignore_ament_install'
[0.813s] Level 1:colcon.colcon_core.package_identification:_identify(src/champbot_nodes) by extensions ['colcon_pkg']
[0.813s] Level 1:colcon.colcon_core.package_identification:_identify(src/champbot_nodes) by extension 'colcon_pkg'
[0.813s] Level 1:colcon.colcon_core.package_identification:_identify(src/champbot_nodes) by extensions ['colcon_meta']
[0.813s] Level 1:colcon.colcon_core.package_identification:_identify(src/champbot_nodes) by extension 'colcon_meta'
[0.813s] Level 1:colcon.colcon_core.package_identification:_identify(src/champbot_nodes) by extensions ['ros']
[0.813s] Level 1:colcon.colcon_core.package_identification:_identify(src/champbot_nodes) by extension 'ros'
[0.813s] DEBUG:colcon.colcon_core.package_identification:Package 'src/champbot_nodes' with type 'ros.ament_cmake' and name 'champbot_nodes'
[0.813s] Level 1:colcon.colcon_core.package_identification:_identify(src/quadbot_config) by extensions ['ignore', 'ignore_ament_install']
[0.813s] Level 1:colcon.colcon_core.package_identification:_identify(src/quadbot_config) by extension 'ignore'
[0.814s] Level 1:colcon.colcon_core.package_identification:_identify(src/quadbot_config) by extension 'ignore_ament_install'
[0.814s] Level 1:colcon.colcon_core.package_identification:_identify(src/quadbot_config) by extensions ['colcon_pkg']
[0.814s] Level 1:colcon.colcon_core.package_identification:_identify(src/quadbot_config) by extension 'colcon_pkg'
[0.814s] Level 1:colcon.colcon_core.package_identification:_identify(src/quadbot_config) by extensions ['colcon_meta']
[0.814s] Level 1:colcon.colcon_core.package_identification:_identify(src/quadbot_config) by extension 'colcon_meta'
[0.814s] Level 1:colcon.colcon_core.package_identification:_identify(src/quadbot_config) by extensions ['ros']
[0.814s] Level 1:colcon.colcon_core.package_identification:_identify(src/quadbot_config) by extension 'ros'
[0.815s] DEBUG:colcon.colcon_core.package_identification:Package 'src/quadbot_config' with type 'ros.ament_cmake' and name 'quadbot_config'
[0.815s] Level 1:colcon.colcon_core.package_discovery:discover_packages(recursive) using defaults
[0.815s] Level 1:colcon.colcon_core.package_discovery:discover_packages(ignore) discover
[0.815s] Level 1:colcon.colcon_core.package_discovery:discover_packages(ignore) using defaults
[0.815s] Level 1:colcon.colcon_core.package_discovery:discover_packages(path) discover
[0.815s] Level 1:colcon.colcon_core.package_discovery:discover_packages(path) using defaults
[0.894s] INFO:colcon.colcon_core.package_selection:Skipping not selected package 'champ' in 'src/champ/champ'
[0.894s] INFO:colcon.colcon_core.package_selection:Skipping not selected package 'champ_config' in 'src/champ/champ_config'
[0.894s] INFO:colcon.colcon_core.package_selection:Skipping not selected package 'champ_description' in 'src/champ/champ_description'
[0.894s] INFO:colcon.colcon_core.package_selection:Skipping not selected package 'champ_msgs' in 'src/champ/champ_msgs'
[0.894s] INFO:colcon.colcon_core.package_selection:Skipping not selected package 'champ_navigation' in 'src/champ/champ_navigation'
[0.894s] INFO:colcon.colcon_core.package_selection:Skipping not selected package 'champ_teleop' in 'src/champ_teleop'
[0.894s] INFO:colcon.colcon_core.package_selection:Skipping not selected package 'champbot_nodes' in 'src/champbot_nodes'
[0.894s] INFO:colcon.colcon_core.package_selection:Skipping not selected package 'champ_base' in 'src/champ/champ_base'
[0.894s] INFO:colcon.colcon_core.package_selection:Skipping not selected package 'champ_gazebo' in 'src/champ/champ_gazebo'
[0.894s] INFO:colcon.colcon_core.package_selection:Skipping not selected package 'champ_bringup' in 'src/champ/champ_bringup'
[0.895s] Level 1:colcon.colcon_core.package_discovery:discover_packages(prefix_path) check parameters
[0.895s] Level 1:colcon.colcon_core.package_discovery:discover_packages(prefix_path) discover
[0.898s] DEBUG:colcon.colcon_installed_package_information.package_discovery:Found 2 installed packages in /home/ibrahim/MoveItArm/install
[0.899s] DEBUG:colcon.colcon_installed_package_information.package_discovery:Found 2 installed packages in /home/ibrahim/RobotArmExpanded/install
[0.900s] DEBUG:colcon.colcon_installed_package_information.package_discovery:Found 2 installed packages in /home/ibrahim/RobotArm/install
[0.901s] DEBUG:colcon.colcon_installed_package_information.package_discovery:Found 1 installed packages in /home/ibrahim/TF2Sample/install
[0.902s] DEBUG:colcon.colcon_installed_package_information.package_discovery:Found 2 installed packages in /home/ibrahim/RobotNav/install
[0.903s] DEBUG:colcon.colcon_installed_package_information.package_discovery:Found 1 installed packages in /home/ibrahim/RobotMonitor/install
[0.904s] DEBUG:colcon.colcon_installed_package_information.package_discovery:Found 2 installed packages in /home/ibrahim/ros2_ws/install
[0.907s] DEBUG:colcon.colcon_installed_package_information.package_discovery:Found 449 installed packages in /opt/ros/humble
[0.910s] Level 1:colcon.colcon_core.package_discovery:discover_packages(prefix_path) using defaults
[0.997s] Level 5:colcon.colcon_core.verb:set package 'quadbot_config' build argument 'cmake_args' from command line to 'None'
[0.997s] Level 5:colcon.colcon_core.verb:set package 'quadbot_config' build argument 'cmake_target' from command line to 'None'
[0.997s] Level 5:colcon.colcon_core.verb:set package 'quadbot_config' build argument 'cmake_target_skip_unavailable' from command line to 'False'
[0.997s] Level 5:colcon.colcon_core.verb:set package 'quadbot_config' build argument 'cmake_clean_cache' from command line to 'False'
[0.997s] Level 5:colcon.colcon_core.verb:set package 'quadbot_config' build argument 'cmake_clean_first' from command line to 'False'
[0.997s] Level 5:colcon.colcon_core.verb:set package 'quadbot_config' build argument 'cmake_force_configure' from command line to 'False'
[0.997s] Level 5:colcon.colcon_core.verb:set package 'quadbot_config' build argument 'ament_cmake_args' from command line to 'None'
[0.997s] Level 5:colcon.colcon_core.verb:set package 'quadbot_config' build argument 'catkin_cmake_args' from command line to 'None'
[0.997s] Level 5:colcon.colcon_core.verb:set package 'quadbot_config' build argument 'catkin_skip_building_tests' from command line to 'False'
[0.997s] DEBUG:colcon.colcon_core.verb:Building package 'quadbot_config' with the following arguments: {'ament_cmake_args': None, 'build_base': '/home/ibrahim/ChampQuadbot/build/quadbot_config', 'catkin_cmake_args': None, 'catkin_skip_building_tests': False, 'cmake_args': None, 'cmake_clean_cache': False, 'cmake_clean_first': False, 'cmake_force_configure': False, 'cmake_target': None, 'cmake_target_skip_unavailable': False, 'install_base': '/home/ibrahim/ChampQuadbot/install/quadbot_config', 'merge_install': False, 'path': '/home/ibrahim/ChampQuadbot/src/quadbot_config', 'symlink_install': False, 'test_result_base': None}
[0.997s] INFO:colcon.colcon_core.executor:Executing jobs using 'parallel' executor
[0.999s] DEBUG:colcon.colcon_parallel_executor.executor.parallel:run_until_complete
[0.999s] INFO:colcon.colcon_ros.task.ament_cmake.build:Building ROS package in '/home/ibrahim/ChampQuadbot/src/quadbot_config' with build type 'ament_cmake'
[1.000s] INFO:colcon.colcon_cmake.task.cmake.build:Building CMake package in '/home/ibrahim/ChampQuadbot/src/quadbot_config'
[1.003s] INFO:colcon.colcon_core.plugin_system:Skipping extension 'colcon_core.shell.bat': Not used on non-Windows systems
[1.004s] INFO:colcon.colcon_core.shell:Skip shell extension 'powershell' for command environment: Not usable outside of PowerShell
[1.004s] DEBUG:colcon.colcon_core.shell:Skip shell extension 'dsv' for command environment
[2.740s] DEBUG:colcon.colcon_core.event_handler.log_command:Invoking command in '/home/ibrahim/ChampQuadbot/build/quadbot_config': AMENT_PREFIX_PATH=/home/ibrahim/ChampQuadbot/install/champ_bringup:/home/ibrahim/ChampQuadbot/install/champ_gazebo:/home/ibrahim/ChampQuadbot/install/champ_base:/home/ibrahim/ChampQuadbot/install/champbot_nodes:/home/ibrahim/ChampQuadbot/install/champ_msgs:/home/ibrahim/ChampQuadbot/install/champ_description:/home/ibrahim/ChampQuadbot/install/champ:${AMENT_PREFIX_PATH} CMAKE_PREFIX_PATH=/home/ibrahim/ChampQuadbot/install/champ_bringup:/home/ibrahim/ChampQuadbot/install/champ_gazebo:/home/ibrahim/ChampQuadbot/install/champ_base:/home/ibrahim/ChampQuadbot/install/champbot_nodes:/home/ibrahim/ChampQuadbot/install/champ_msgs:/home/ibrahim/ChampQuadbot/install/champ_description:/home/ibrahim/ChampQuadbot/install/champ:/home/ibrahim/RobotArmExpanded/install/main_arm_package:/home/ibrahim/RobotArmExpanded/install/action_interfaces:/home/ibrahim/MoveItArm/install/moveit_config:/home/ibrahim/MoveItArm/install/moveit_arm_package:/home/ibrahim/TF2Sample/install/tf2sim:/home/ibrahim/RobotNav/install/main_robot_nodes:/home/ibrahim/RobotNav/install/action_interfaces:/home/ibrahim/RobotMonitor/install/Robot3Node_Package:/home/ibrahim/ros2_ws/install/my_first_package:/home/ibrahim/ros2_ws/install/action_interfaces:/home/ibrahim/RobotArm/install/main_arm_package:/home/ibrahim/RobotArm/install/action_interfaces:/opt/ros/humble LD_LIBRARY_PATH=/home/ibrahim/ChampQuadbot/install/champ_base/lib:/home/ibrahim/ChampQuadbot/install/champ_msgs/lib:${LD_LIBRARY_PATH} PATH=/home/ibrahim/ChampQuadbot/install/champ_gazebo/bin:/home/ibrahim/ChampQuadbot/install/champ_base/bin:${PATH} PYTHONPATH=/home/ibrahim/ChampQuadbot/install/champ_bringup/local/lib/python3.10/dist-packages:/home/ibrahim/ChampQuadbot/install/champ_msgs/local/lib/python3.10/dist-packages:${PYTHONPATH} /usr/bin/cmake --build /home/ibrahim/ChampQuadbot/build/quadbot_config -- -j16 -l16
[2.840s] DEBUG:colcon.colcon_core.event_handler.log_command:Invoked command in '/home/ibrahim/ChampQuadbot/build/quadbot_config' returned '0': AMENT_PREFIX_PATH=/home/ibrahim/ChampQuadbot/install/champ_bringup:/home/ibrahim/ChampQuadbot/install/champ_gazebo:/home/ibrahim/ChampQuadbot/install/champ_base:/home/ibrahim/ChampQuadbot/install/champbot_nodes:/home/ibrahim/ChampQuadbot/install/champ_msgs:/home/ibrahim/ChampQuadbot/install/champ_description:/home/ibrahim/ChampQuadbot/install/champ:${AMENT_PREFIX_PATH} CMAKE_PREFIX_PATH=/home/ibrahim/ChampQuadbot/install/champ_bringup:/home/ibrahim/ChampQuadbot/install/champ_gazebo:/home/ibrahim/ChampQuadbot/install/champ_base:/home/ibrahim/ChampQuadbot/install/champbot_nodes:/home/ibrahim/ChampQuadbot/install/champ_msgs:/home/ibrahim/ChampQuadbot/install/champ_description:/home/ibrahim/ChampQuadbot/install/champ:/home/ibrahim/RobotArmExpanded/install/main_arm_package:/home/ibrahim/RobotArmExpanded/install/action_interfaces:/home/ibrahim/MoveItArm/install/moveit_config:/home/ibrahim/MoveItArm/install/moveit_arm_package:/home/ibrahim/TF2Sample/install/tf2sim:/home/ibrahim/RobotNav/install/main_robot_nodes:/home/ibrahim/RobotNav/install/action_interfaces:/home/ibrahim/RobotMonitor/install/Robot3Node_Package:/home/ibrahim/ros2_ws/install/my_first_package:/home/ibrahim/ros2_ws/install/action_interfaces:/home/ibrahim/RobotArm/install/main_arm_package:/home/ibrahim/RobotArm/install/action_interfaces:/opt/ros/humble LD_LIBRARY_PATH=/home/ibrahim/ChampQuadbot/install/champ_base/lib:/home/ibrahim/ChampQuadbot/install/champ_msgs/lib:${LD_LIBRARY_PATH} PATH=/home/ibrahim/ChampQuadbot/install/champ_gazebo/bin:/home/ibrahim/ChampQuadbot/install/champ_base/bin:${PATH} PYTHONPATH=/home/ibrahim/ChampQuadbot/install/champ_bringup/local/lib/python3.10/dist-packages:/home/ibrahim/ChampQuadbot/install/champ_msgs/local/lib/python3.10/dist-packages:${PYTHONPATH} /usr/bin/cmake --build /home/ibrahim/ChampQuadbot/build/quadbot_config -- -j16 -l16
[2.862s] DEBUG:colcon.colcon_core.event_handler.log_command:Invoking command in '/home/ibrahim/ChampQuadbot/build/quadbot_config': AMENT_PREFIX_PATH=/home/ibrahim/ChampQuadbot/install/champ_bringup:/home/ibrahim/ChampQuadbot/install/champ_gazebo:/home/ibrahim/ChampQuadbot/install/champ_base:/home/ibrahim/ChampQuadbot/install/champbot_nodes:/home/ibrahim/ChampQuadbot/install/champ_msgs:/home/ibrahim/ChampQuadbot/install/champ_description:/home/ibrahim/ChampQuadbot/install/champ:${AMENT_PREFIX_PATH} CMAKE_PREFIX_PATH=/home/ibrahim/ChampQuadbot/install/champ_bringup:/home/ibrahim/ChampQuadbot/install/champ_gazebo:/home/ibrahim/ChampQuadbot/install/champ_base:/home/ibrahim/ChampQuadbot/install/champbot_nodes:/home/ibrahim/ChampQuadbot/install/champ_msgs:/home/ibrahim/ChampQuadbot/install/champ_description:/home/ibrahim/ChampQuadbot/install/champ:/home/ibrahim/RobotArmExpanded/install/main_arm_package:/home/ibrahim/RobotArmExpanded/install/action_interfaces:/home/ibrahim/MoveItArm/install/moveit_config:/home/ibrahim/MoveItArm/install/moveit_arm_package:/home/ibrahim/TF2Sample/install/tf2sim:/home/ibrahim/RobotNav/install/main_robot_nodes:/home/ibrahim/RobotNav/install/action_interfaces:/home/ibrahim/RobotMonitor/install/Robot3Node_Package:/home/ibrahim/ros2_ws/install/my_first_package:/home/ibrahim/ros2_ws/install/action_interfaces:/home/ibrahim/RobotArm/install/main_arm_package:/home/ibrahim/RobotArm/install/action_interfaces:/opt/ros/humble LD_LIBRARY_PATH=/home/ibrahim/ChampQuadbot/install/champ_base/lib:/home/ibrahim/ChampQuadbot/install/champ_msgs/lib:${LD_LIBRARY_PATH} PATH=/home/ibrahim/ChampQuadbot/install/champ_gazebo/bin:/home/ibrahim/ChampQuadbot/install/champ_base/bin:${PATH} PYTHONPATH=/home/ibrahim/ChampQuadbot/install/champ_bringup/local/lib/python3.10/dist-packages:/home/ibrahim/ChampQuadbot/install/champ_msgs/local/lib/python3.10/dist-packages:${PYTHONPATH} /usr/bin/cmake --install /home/ibrahim/ChampQuadbot/build/quadbot_config
[2.896s] Level 1:colcon.colcon_core.environment:create_environment_scripts_only(quadbot_config)
[2.896s] DEBUG:colcon.colcon_core.event_handler.log_command:Invoked command in '/home/ibrahim/ChampQuadbot/build/quadbot_config' returned '0': AMENT_PREFIX_PATH=/home/ibrahim/ChampQuadbot/install/champ_bringup:/home/ibrahim/ChampQuadbot/install/champ_gazebo:/home/ibrahim/ChampQuadbot/install/champ_base:/home/ibrahim/ChampQuadbot/install/champbot_nodes:/home/ibrahim/ChampQuadbot/install/champ_msgs:/home/ibrahim/ChampQuadbot/install/champ_description:/home/ibrahim/ChampQuadbot/install/champ:${AMENT_PREFIX_PATH} CMAKE_PREFIX_PATH=/home/ibrahim/ChampQuadbot/install/champ_bringup:/home/ibrahim/ChampQuadbot/install/champ_gazebo:/home/ibrahim/ChampQuadbot/install/champ_base:/home/ibrahim/ChampQuadbot/install/champbot_nodes:/home/ibrahim/ChampQuadbot/install/champ_msgs:/home/ibrahim/ChampQuadbot/install/champ_description:/home/ibrahim/ChampQuadbot/install/champ:/home/ibrahim/RobotArmExpanded/install/main_arm_package:/home/ibrahim/RobotArmExpanded/install/action_interfaces:/home/ibrahim/MoveItArm/install/moveit_config:/home/ibrahim/MoveItArm/install/moveit_arm_package:/home/ibrahim/TF2Sample/install/tf2sim:/home/ibrahim/RobotNav/install/main_robot_nodes:/home/ibrahim/RobotNav/install/action_interfaces:/home/ibrahim/RobotMonitor/install/Robot3Node_Package:/home/ibrahim/ros2_ws/install/my_first_package:/home/ibrahim/ros2_ws/install/action_interfaces:/home/ibrahim/RobotArm/install/main_arm_package:/home/ibrahim/RobotArm/install/action_interfaces:/opt/ros/humble LD_LIBRARY_PATH=/home/ibrahim/ChampQuadbot/install/champ_base/lib:/home/ibrahim/ChampQuadbot/install/champ_msgs/lib:${LD_LIBRARY_PATH} PATH=/home/ibrahim/ChampQuadbot/install/champ_gazebo/bin:/home/ibrahim/ChampQuadbot/install/champ_base/bin:${PATH} PYTHONPATH=/home/ibrahim/ChampQuadbot/install/champ_bringup/local/lib/python3.10/dist-packages:/home/ibrahim/ChampQuadbot/install/champ_msgs/local/lib/python3.10/dist-packages:${PYTHONPATH} /usr/bin/cmake --install /home/ibrahim/ChampQuadbot/build/quadbot_config
[2.900s] Level 1:colcon.colcon_core.environment:checking '/home/ibrahim/ChampQuadbot/install/quadbot_config' for CMake module files
[2.901s] Level 1:colcon.colcon_core.environment:checking '/home/ibrahim/ChampQuadbot/install/quadbot_config' for CMake config files
[2.902s] Level 1:colcon.colcon_core.shell:create_environment_hook('quadbot_config', 'cmake_prefix_path')
[2.902s] INFO:colcon.colcon_core.shell:Creating environment hook '/home/ibrahim/ChampQuadbot/install/quadbot_config/share/quadbot_config/hook/cmake_prefix_path.ps1'
[2.904s] INFO:colcon.colcon_core.shell:Creating environment descriptor '/home/ibrahim/ChampQuadbot/install/quadbot_config/share/quadbot_config/hook/cmake_prefix_path.dsv'
[2.904s] INFO:colcon.colcon_core.shell:Creating environment hook '/home/ibrahim/ChampQuadbot/install/quadbot_config/share/quadbot_config/hook/cmake_prefix_path.sh'
[2.906s] Level 1:colcon.colcon_core.environment:checking '/home/ibrahim/ChampQuadbot/install/quadbot_config/bin'
[2.906s] Level 1:colcon.colcon_core.environment:checking '/home/ibrahim/ChampQuadbot/install/quadbot_config/lib/pkgconfig/quadbot_config.pc'
[2.906s] Level 1:colcon.colcon_core.environment:checking '/home/ibrahim/ChampQuadbot/install/quadbot_config/lib/python3.10/site-packages'
[2.907s] Level 1:colcon.colcon_core.environment:checking '/home/ibrahim/ChampQuadbot/install/quadbot_config/bin'
[2.907s] INFO:colcon.colcon_core.shell:Creating package script '/home/ibrahim/ChampQuadbot/install/quadbot_config/share/quadbot_config/package.ps1'
[2.917s] INFO:colcon.colcon_core.shell:Creating package descriptor '/home/ibrahim/ChampQuadbot/install/quadbot_config/share/quadbot_config/package.dsv'
[2.918s] INFO:colcon.colcon_core.shell:Creating package script '/home/ibrahim/ChampQuadbot/install/quadbot_config/share/quadbot_config/package.sh'
[2.919s] INFO:colcon.colcon_core.shell:Creating package script '/home/ibrahim/ChampQuadbot/install/quadbot_config/share/quadbot_config/package.bash'
[2.921s] INFO:colcon.colcon_core.shell:Creating package script '/home/ibrahim/ChampQuadbot/install/quadbot_config/share/quadbot_config/package.zsh'
[2.923s] Level 1:colcon.colcon_core.environment:create_file_with_runtime_dependencies(/home/ibrahim/ChampQuadbot/install/quadbot_config/share/colcon-core/packages/quadbot_config)
[2.924s] Level 1:colcon.colcon_core.environment:create_environment_scripts_only(quadbot_config)
[2.924s] Level 1:colcon.colcon_core.environment:checking '/home/ibrahim/ChampQuadbot/install/quadbot_config' for CMake module files
[2.925s] Level 1:colcon.colcon_core.environment:checking '/home/ibrahim/ChampQuadbot/install/quadbot_config' for CMake config files
[2.925s] Level 1:colcon.colcon_core.shell:create_environment_hook('quadbot_config', 'cmake_prefix_path')
[2.926s] INFO:colcon.colcon_core.shell:Creating environment hook '/home/ibrahim/ChampQuadbot/install/quadbot_config/share/quadbot_config/hook/cmake_prefix_path.ps1'
[2.928s] INFO:colcon.colcon_core.shell:Creating environment descriptor '/home/ibrahim/ChampQuadbot/install/quadbot_config/share/quadbot_config/hook/cmake_prefix_path.dsv'
[2.928s] INFO:colcon.colcon_core.shell:Creating environment hook '/home/ibrahim/ChampQuadbot/install/quadbot_config/share/quadbot_config/hook/cmake_prefix_path.sh'
[2.929s] Level 1:colcon.colcon_core.environment:checking '/home/ibrahim/ChampQuadbot/install/quadbot_config/bin'
[2.929s] Level 1:colcon.colcon_core.environment:checking '/home/ibrahim/ChampQuadbot/install/quadbot_config/lib/pkgconfig/quadbot_config.pc'
[2.929s] Level 1:colcon.colcon_core.environment:checking '/home/ibrahim/ChampQuadbot/install/quadbot_config/lib/python3.10/site-packages'
[2.930s] Level 1:colcon.colcon_core.environment:checking '/home/ibrahim/ChampQuadbot/install/quadbot_config/bin'
[2.930s] INFO:colcon.colcon_core.shell:Creating package script '/home/ibrahim/ChampQuadbot/install/quadbot_config/share/quadbot_config/package.ps1'
[2.931s] INFO:colcon.colcon_core.shell:Creating package descriptor '/home/ibrahim/ChampQuadbot/install/quadbot_config/share/quadbot_config/package.dsv'
[2.932s] INFO:colcon.colcon_core.shell:Creating package script '/home/ibrahim/ChampQuadbot/install/quadbot_config/share/quadbot_config/package.sh'
[2.933s] INFO:colcon.colcon_core.shell:Creating package script '/home/ibrahim/ChampQuadbot/install/quadbot_config/share/quadbot_config/package.bash'
[2.934s] INFO:colcon.colcon_core.shell:Creating package script '/home/ibrahim/ChampQuadbot/install/quadbot_config/share/quadbot_config/package.zsh'
[2.935s] Level 1:colcon.colcon_core.environment:create_file_with_runtime_dependencies(/home/ibrahim/ChampQuadbot/install/quadbot_config/share/colcon-core/packages/quadbot_config)
[2.935s] DEBUG:colcon.colcon_parallel_executor.executor.parallel:closing loop
[2.935s] DEBUG:colcon.colcon_parallel_executor.executor.parallel:loop closed
[2.936s] DEBUG:colcon.colcon_parallel_executor.executor.parallel:run_until_complete finished with '0'
[2.936s] DEBUG:colcon.colcon_core.event_reactor:joining thread
[3.070s] INFO:colcon.colcon_core.plugin_system:Skipping extension 'colcon_notification.desktop_notification.notify_send': Could not find 'notify-send'
[3.070s] INFO:colcon.colcon_core.plugin_system:Skipping extension 'colcon_notification.desktop_notification.terminal_notifier': Not used on non-Darwin systems
[3.070s] INFO:colcon.colcon_core.plugin_system:Skipping extension 'colcon_notification.desktop_notification.win32': Not used on non-Windows systems
[3.070s] INFO:colcon.colcon_notification.desktop_notification:Sending desktop notification using 'notify2'
[3.070s] DEBUG:colcon.colcon_notification.desktop_notification.notify2:Failed to initialize notify2: org.freedesktop.DBus.Error.FileNotFound: Failed to connect to socket /run/user/1000/bus: No such file or directory
[3.071s] DEBUG:colcon.colcon_core.event_reactor:joined thread
[3.071s] INFO:colcon.colcon_core.shell:Creating prefix script '/home/ibrahim/ChampQuadbot/install/local_setup.ps1'
[3.073s] INFO:colcon.colcon_core.shell:Creating prefix util module '/home/ibrahim/ChampQuadbot/install/_local_setup_util_ps1.py'
[3.074s] INFO:colcon.colcon_core.shell:Creating prefix chain script '/home/ibrahim/ChampQuadbot/install/setup.ps1'
[3.078s] INFO:colcon.colcon_core.shell:Creating prefix script '/home/ibrahim/ChampQuadbot/install/local_setup.sh'
[3.079s] INFO:colcon.colcon_core.shell:Creating prefix util module '/home/ibrahim/ChampQuadbot/install/_local_setup_util_sh.py'
[3.082s] INFO:colcon.colcon_core.shell:Creating prefix chain script '/home/ibrahim/ChampQuadbot/install/setup.sh'
[3.084s] INFO:colcon.colcon_core.shell:Creating prefix script '/home/ibrahim/ChampQuadbot/install/local_setup.bash'
[3.085s] INFO:colcon.colcon_core.shell:Creating prefix chain script '/home/ibrahim/ChampQuadbot/install/setup.bash'
[3.088s] INFO:colcon.colcon_core.shell:Creating prefix script '/home/ibrahim/ChampQuadbot/install/local_setup.zsh'
[3.089s] INFO:colcon.colcon_core.shell:Creating prefix chain script '/home/ibrahim/ChampQuadbot/install/setup.zsh'
