-- Found ament_cmake: 1.3.14 (/opt/ros/humble/share/ament_cmake/cmake)
-- Found ament_lint_auto: 0.12.15 (/opt/ros/humble/share/ament_lint_auto/cmake)
-- Added test 'cppcheck' to perform static code analysis on C / C++ code
-- Configured cppcheck include dirs: $<BUILD_INTERFACE:/home/ibrahim/ChampQuadbot/src/champbot_nodes/include>
-- Configured cppcheck exclude dirs and/or files: 
-- Added test 'flake8' to check Python code syntax and style conventions
-- Added test 'lint_cmake' to check CMake code style
-- Added test 'pep257' to check Python code against some of the docstring style conventions in PEP 257
-- Added test 'uncrustify' to check C / C++ code style
-- Configured uncrustify additional arguments: 
-- Added test 'xmllint' to check XML markup files
-- Configuring done
-- Generating done
-- Build files have been written to: /home/ibrahim/ChampQuadbot/build/champbot_nodes
Consolidate compiler generated dependencies of target JointMover
[100%] Built target JointMover
-- Install configuration: ""
-- Up-to-date: /home/ibrahim/ChampQuadbot/install/champbot_nodes/lib/champbot_nodes/JointMover
-- Up-to-date: /home/ibrahim/ChampQuadbot/install/champbot_nodes/share/champbot_nodes/launch
-- Up-to-date: /home/ibrahim/ChampQuadbot/install/champbot_nodes/share/champbot_nodes/launch/bringup.launch.py
-- Up-to-date: /home/ibrahim/ChampQuadbot/install/champbot_nodes/share/champbot_nodes/launch/display.launch.py
-- Up-to-date: /home/ibrahim/ChampQuadbot/install/champbot_nodes/share/champbot_nodes/launch/gazebo.launch.py
-- Up-to-date: /home/ibrahim/ChampQuadbot/install/champbot_nodes/share/champbot_nodes/urdf
-- Installing: /home/ibrahim/ChampQuadbot/install/champbot_nodes/share/champbot_nodes/urdf/robot.urdf.xacro
-- Up-to-date: /home/ibrahim/ChampQuadbot/install/champbot_nodes/share/champbot_nodes/rviz
-- Up-to-date: /home/ibrahim/ChampQuadbot/install/champbot_nodes/share/champbot_nodes/rviz/model.rviz
-- Installing: /home/ibrahim/ChampQuadbot/install/champbot_nodes/share/ament_index/resource_index/package_run_dependencies/champbot_nodes
-- Up-to-date: /home/ibrahim/ChampQuadbot/install/champbot_nodes/share/ament_index/resource_index/parent_prefix_path/champbot_nodes
-- Up-to-date: /home/ibrahim/ChampQuadbot/install/champbot_nodes/share/champbot_nodes/environment/ament_prefix_path.sh
-- Installing: /home/ibrahim/ChampQuadbot/install/champbot_nodes/share/champbot_nodes/environment/ament_prefix_path.dsv
-- Up-to-date: /home/ibrahim/ChampQuadbot/install/champbot_nodes/share/champbot_nodes/environment/path.sh
-- Installing: /home/ibrahim/ChampQuadbot/install/champbot_nodes/share/champbot_nodes/environment/path.dsv
-- Up-to-date: /home/ibrahim/ChampQuadbot/install/champbot_nodes/share/champbot_nodes/local_setup.bash
-- Up-to-date: /home/ibrahim/ChampQuadbot/install/champbot_nodes/share/champbot_nodes/local_setup.sh
-- Up-to-date: /home/ibrahim/ChampQuadbot/install/champbot_nodes/share/champbot_nodes/local_setup.zsh
-- Installing: /home/ibrahim/ChampQuadbot/install/champbot_nodes/share/champbot_nodes/local_setup.dsv
-- Installing: /home/ibrahim/ChampQuadbot/install/champbot_nodes/share/champbot_nodes/package.dsv
-- Up-to-date: /home/ibrahim/ChampQuadbot/install/champbot_nodes/share/ament_index/resource_index/packages/champbot_nodes
-- Up-to-date: /home/ibrahim/ChampQuadbot/install/champbot_nodes/share/champbot_nodes/cmake/champbot_nodesConfig.cmake
-- Up-to-date: /home/ibrahim/ChampQuadbot/install/champbot_nodes/share/champbot_nodes/cmake/champbot_nodesConfig-version.cmake
-- Installing: /home/ibrahim/ChampQuadbot/install/champbot_nodes/share/champbot_nodes/package.xml
