-- Install configuration: ""
-- Up-to-date: /home/ibrahim/ChampQuadbot/install/quadbot_config/share/quadbot_config/launch
-- Up-to-date: /home/ibrahim/ChampQuadbot/install/quadbot_config/share/quadbot_config/launch/bringup.launch.py
-- Up-to-date: /home/ibrahim/ChampQuadbot/install/quadbot_config/share/quadbot_config/launch/gazebo.launch.py
-- Up-to-date: /home/ibrahim/ChampQuadbot/install/quadbot_config/share/quadbot_config/config
-- Up-to-date: /home/ibrahim/ChampQuadbot/install/quadbot_config/share/quadbot_config/config/joints
-- Up-to-date: /home/ibrahim/ChampQuadbot/install/quadbot_config/share/quadbot_config/config/joints/joints.yaml
-- Up-to-date: /home/ibrahim/ChampQuadbot/install/quadbot_config/share/quadbot_config/config/links
-- Up-to-date: /home/ibrahim/ChampQuadbot/install/quadbot_config/share/quadbot_config/config/links/links.yaml
-- Up-to-date: /home/ibrahim/ChampQuadbot/install/quadbot_config/share/quadbot_config/config/gait
-- Up-to-date: /home/ibrahim/ChampQuadbot/install/quadbot_config/share/quadbot_config/config/gait/gait.yaml
-- Up-to-date: /home/ibrahim/ChampQuadbot/install/quadbot_config/share/quadbot_config/config/ros_control
-- Up-to-date: /home/ibrahim/ChampQuadbot/install/quadbot_config/share/quadbot_config/config/ros_control/ros_control.yaml
-- Up-to-date: /home/ibrahim/ChampQuadbot/install/quadbot_config/share/ament_index/resource_index/package_run_dependencies/quadbot_config
-- Up-to-date: /home/ibrahim/ChampQuadbot/install/quadbot_config/share/ament_index/resource_index/parent_prefix_path/quadbot_config
-- Up-to-date: /home/ibrahim/ChampQuadbot/install/quadbot_config/share/quadbot_config/environment/ament_prefix_path.sh
-- Up-to-date: /home/ibrahim/ChampQuadbot/install/quadbot_config/share/quadbot_config/environment/ament_prefix_path.dsv
-- Up-to-date: /home/ibrahim/ChampQuadbot/install/quadbot_config/share/quadbot_config/environment/path.sh
-- Up-to-date: /home/ibrahim/ChampQuadbot/install/quadbot_config/share/quadbot_config/environment/path.dsv
-- Up-to-date: /home/ibrahim/ChampQuadbot/install/quadbot_config/share/quadbot_config/local_setup.bash
-- Up-to-date: /home/ibrahim/ChampQuadbot/install/quadbot_config/share/quadbot_config/local_setup.sh
-- Up-to-date: /home/ibrahim/ChampQuadbot/install/quadbot_config/share/quadbot_config/local_setup.zsh
-- Up-to-date: /home/ibrahim/ChampQuadbot/install/quadbot_config/share/quadbot_config/local_setup.dsv
-- Installing: /home/ibrahim/ChampQuadbot/install/quadbot_config/share/quadbot_config/package.dsv
-- Up-to-date: /home/ibrahim/ChampQuadbot/install/quadbot_config/share/ament_index/resource_index/packages/quadbot_config
-- Up-to-date: /home/ibrahim/ChampQuadbot/install/quadbot_config/share/quadbot_config/cmake/quadbot_configConfig.cmake
-- Up-to-date: /home/ibrahim/ChampQuadbot/install/quadbot_config/share/quadbot_config/cmake/quadbot_configConfig-version.cmake
-- Up-to-date: /home/ibrahim/ChampQuadbot/install/quadbot_config/share/quadbot_config/package.xml
