[0.556s] Invoking command in '/home/ibrahim/ChampQuadbot/build/quadbot_config': CMAKE_PREFIX_PATH=/home/ibrahim/ChampQuadbot/install/champ_bringup:/home/ibrahim/ChampQuadbot/install/champ_gazebo:/home/ibrahim/ChampQuadbot/install/champ_base:/home/ibrahim/ChampQuadbot/install/champbot_nodes:/home/ibrahim/ChampQuadbot/install/champ_msgs:/home/ibrahim/ChampQuadbot/install/champ_description:/home/ibrahim/ChampQuadbot/install/champ:/home/ibrahim/ChampQuadbot/install/quadbot_config:/home/ibrahim/ChampQuadbot/install/champ_teleop:/home/ibrahim/ChampQuadbot/install/champ_navigation:/home/ibrahim/ChampQuadbot/install/champ_config:/home/ibrahim/RobotArmExpanded/install/main_arm_package:/home/ibrahim/RobotArmExpanded/install/action_interfaces:/home/ibrahim/MoveItArm/install/moveit_config:/home/ibrahim/MoveItArm/install/moveit_arm_package:/home/ibrahim/TF2Sample/install/tf2sim:/home/ibrahim/RobotNav/install/main_robot_nodes:/home/ibrahim/RobotNav/install/action_interfaces:/home/ibrahim/RobotMonitor/install/Robot3Node_Package:/home/ibrahim/ros2_ws/install/my_first_package:/home/ibrahim/ros2_ws/install/action_interfaces:/home/ibrahim/RobotArm/install/main_arm_package:/home/ibrahim/RobotArm/install/action_interfaces:/opt/ros/humble /usr/bin/cmake --build /home/ibrahim/ChampQuadbot/build/quadbot_config -- -j16 -l16
[0.601s] Invoked command in '/home/ibrahim/ChampQuadbot/build/quadbot_config' returned '0': CMAKE_PREFIX_PATH=/home/ibrahim/ChampQuadbot/install/champ_bringup:/home/ibrahim/ChampQuadbot/install/champ_gazebo:/home/ibrahim/ChampQuadbot/install/champ_base:/home/ibrahim/ChampQuadbot/install/champbot_nodes:/home/ibrahim/ChampQuadbot/install/champ_msgs:/home/ibrahim/ChampQuadbot/install/champ_description:/home/ibrahim/ChampQuadbot/install/champ:/home/ibrahim/ChampQuadbot/install/quadbot_config:/home/ibrahim/ChampQuadbot/install/champ_teleop:/home/ibrahim/ChampQuadbot/install/champ_navigation:/home/ibrahim/ChampQuadbot/install/champ_config:/home/ibrahim/RobotArmExpanded/install/main_arm_package:/home/ibrahim/RobotArmExpanded/install/action_interfaces:/home/ibrahim/MoveItArm/install/moveit_config:/home/ibrahim/MoveItArm/install/moveit_arm_package:/home/ibrahim/TF2Sample/install/tf2sim:/home/ibrahim/RobotNav/install/main_robot_nodes:/home/ibrahim/RobotNav/install/action_interfaces:/home/ibrahim/RobotMonitor/install/Robot3Node_Package:/home/ibrahim/ros2_ws/install/my_first_package:/home/ibrahim/ros2_ws/install/action_interfaces:/home/ibrahim/RobotArm/install/main_arm_package:/home/ibrahim/RobotArm/install/action_interfaces:/opt/ros/humble /usr/bin/cmake --build /home/ibrahim/ChampQuadbot/build/quadbot_config -- -j16 -l16
[0.603s] Invoking command in '/home/ibrahim/ChampQuadbot/build/quadbot_config': CMAKE_PREFIX_PATH=/home/ibrahim/ChampQuadbot/install/champ_bringup:/home/ibrahim/ChampQuadbot/install/champ_gazebo:/home/ibrahim/ChampQuadbot/install/champ_base:/home/ibrahim/ChampQuadbot/install/champbot_nodes:/home/ibrahim/ChampQuadbot/install/champ_msgs:/home/ibrahim/ChampQuadbot/install/champ_description:/home/ibrahim/ChampQuadbot/install/champ:/home/ibrahim/ChampQuadbot/install/quadbot_config:/home/ibrahim/ChampQuadbot/install/champ_teleop:/home/ibrahim/ChampQuadbot/install/champ_navigation:/home/ibrahim/ChampQuadbot/install/champ_config:/home/ibrahim/RobotArmExpanded/install/main_arm_package:/home/ibrahim/RobotArmExpanded/install/action_interfaces:/home/ibrahim/MoveItArm/install/moveit_config:/home/ibrahim/MoveItArm/install/moveit_arm_package:/home/ibrahim/TF2Sample/install/tf2sim:/home/ibrahim/RobotNav/install/main_robot_nodes:/home/ibrahim/RobotNav/install/action_interfaces:/home/ibrahim/RobotMonitor/install/Robot3Node_Package:/home/ibrahim/ros2_ws/install/my_first_package:/home/ibrahim/ros2_ws/install/action_interfaces:/home/ibrahim/RobotArm/install/main_arm_package:/home/ibrahim/RobotArm/install/action_interfaces:/opt/ros/humble /usr/bin/cmake --install /home/ibrahim/ChampQuadbot/build/quadbot_config
[0.614s] -- Install configuration: ""
[0.616s] -- Up-to-date: /home/ibrahim/ChampQuadbot/install/quadbot_config/share/quadbot_config/launch
[0.616s] -- Up-to-date: /home/ibrahim/ChampQuadbot/install/quadbot_config/share/quadbot_config/launch/bringup.launch.py
[0.617s] -- Up-to-date: /home/ibrahim/ChampQuadbot/install/quadbot_config/share/quadbot_config/launch/gazebo.launch.py
[0.617s] -- Up-to-date: /home/ibrahim/ChampQuadbot/install/quadbot_config/share/quadbot_config/config
[0.617s] -- Up-to-date: /home/ibrahim/ChampQuadbot/install/quadbot_config/share/quadbot_config/config/joints
[0.617s] -- Up-to-date: /home/ibrahim/ChampQuadbot/install/quadbot_config/share/quadbot_config/config/joints/joints.yaml
[0.618s] -- Up-to-date: /home/ibrahim/ChampQuadbot/install/quadbot_config/share/quadbot_config/config/links
[0.618s] -- Up-to-date: /home/ibrahim/ChampQuadbot/install/quadbot_config/share/quadbot_config/config/links/links.yaml
[0.618s] -- Up-to-date: /home/ibrahim/ChampQuadbot/install/quadbot_config/share/quadbot_config/config/gait
[0.618s] -- Up-to-date: /home/ibrahim/ChampQuadbot/install/quadbot_config/share/quadbot_config/config/gait/gait.yaml
[0.618s] -- Up-to-date: /home/ibrahim/ChampQuadbot/install/quadbot_config/share/quadbot_config/config/ros_control
[0.618s] -- Up-to-date: /home/ibrahim/ChampQuadbot/install/quadbot_config/share/quadbot_config/config/ros_control/ros_control.yaml
[0.618s] -- Up-to-date: /home/ibrahim/ChampQuadbot/install/quadbot_config/share/ament_index/resource_index/package_run_dependencies/quadbot_config
[0.618s] -- Up-to-date: /home/ibrahim/ChampQuadbot/install/quadbot_config/share/ament_index/resource_index/parent_prefix_path/quadbot_config
[0.619s] -- Up-to-date: /home/ibrahim/ChampQuadbot/install/quadbot_config/share/quadbot_config/environment/ament_prefix_path.sh
[0.619s] -- Up-to-date: /home/ibrahim/ChampQuadbot/install/quadbot_config/share/quadbot_config/environment/ament_prefix_path.dsv
[0.619s] -- Up-to-date: /home/ibrahim/ChampQuadbot/install/quadbot_config/share/quadbot_config/environment/path.sh
[0.619s] -- Up-to-date: /home/ibrahim/ChampQuadbot/install/quadbot_config/share/quadbot_config/environment/path.dsv
[0.619s] -- Up-to-date: /home/ibrahim/ChampQuadbot/install/quadbot_config/share/quadbot_config/local_setup.bash
[0.619s] -- Up-to-date: /home/ibrahim/ChampQuadbot/install/quadbot_config/share/quadbot_config/local_setup.sh
[0.619s] -- Up-to-date: /home/ibrahim/ChampQuadbot/install/quadbot_config/share/quadbot_config/local_setup.zsh
[0.619s] -- Up-to-date: /home/ibrahim/ChampQuadbot/install/quadbot_config/share/quadbot_config/local_setup.dsv
[0.619s] -- Installing: /home/ibrahim/ChampQuadbot/install/quadbot_config/share/quadbot_config/package.dsv
[0.619s] -- Up-to-date: /home/ibrahim/ChampQuadbot/install/quadbot_config/share/ament_index/resource_index/packages/quadbot_config
[0.619s] -- Up-to-date: /home/ibrahim/ChampQuadbot/install/quadbot_config/share/quadbot_config/cmake/quadbot_configConfig.cmake
[0.619s] -- Up-to-date: /home/ibrahim/ChampQuadbot/install/quadbot_config/share/quadbot_config/cmake/quadbot_configConfig-version.cmake
[0.619s] -- Up-to-date: /home/ibrahim/ChampQuadbot/install/quadbot_config/share/quadbot_config/package.xml
[0.622s] Invoked command in '/home/ibrahim/ChampQuadbot/build/quadbot_config' returned '0': CMAKE_PREFIX_PATH=/home/ibrahim/ChampQuadbot/install/champ_bringup:/home/ibrahim/ChampQuadbot/install/champ_gazebo:/home/ibrahim/ChampQuadbot/install/champ_base:/home/ibrahim/ChampQuadbot/install/champbot_nodes:/home/ibrahim/ChampQuadbot/install/champ_msgs:/home/ibrahim/ChampQuadbot/install/champ_description:/home/ibrahim/ChampQuadbot/install/champ:/home/ibrahim/ChampQuadbot/install/quadbot_config:/home/ibrahim/ChampQuadbot/install/champ_teleop:/home/ibrahim/ChampQuadbot/install/champ_navigation:/home/ibrahim/ChampQuadbot/install/champ_config:/home/ibrahim/RobotArmExpanded/install/main_arm_package:/home/ibrahim/RobotArmExpanded/install/action_interfaces:/home/ibrahim/MoveItArm/install/moveit_config:/home/ibrahim/MoveItArm/install/moveit_arm_package:/home/ibrahim/TF2Sample/install/tf2sim:/home/ibrahim/RobotNav/install/main_robot_nodes:/home/ibrahim/RobotNav/install/action_interfaces:/home/ibrahim/RobotMonitor/install/Robot3Node_Package:/home/ibrahim/ros2_ws/install/my_first_package:/home/ibrahim/ros2_ws/install/action_interfaces:/home/ibrahim/RobotArm/install/main_arm_package:/home/ibrahim/RobotArm/install/action_interfaces:/opt/ros/humble /usr/bin/cmake --install /home/ibrahim/ChampQuadbot/build/quadbot_config
