[0.046s] Invoking command in '/home/ibrahim/ChampQuadbot/build/champ_teleop': CMAKE_PREFIX_PATH=${CMAKE_PREFIX_PATH}:/home/ibrahim/RobotArm/install/main_arm_package:/home/ibrahim/RobotArm/install/action_interfaces:/opt/ros/humble /usr/bin/cmake --build /home/ibrahim/ChampQuadbot/build/champ_teleop -- -j16 -l16
[0.136s] Invoked command in '/home/ibrahim/ChampQuadbot/build/champ_teleop' returned '0': CMAKE_PREFIX_PATH=${CMAKE_PREFIX_PATH}:/home/ibrahim/RobotArm/install/main_arm_package:/home/ibrahim/RobotArm/install/action_interfaces:/opt/ros/humble /usr/bin/cmake --build /home/ibrahim/ChampQuadbot/build/champ_teleop -- -j16 -l16
[0.137s] Invoking command in '/home/ibrahim/ChampQuadbot/build/champ_teleop': CMAKE_PREFIX_PATH=${CMAKE_PREFIX_PATH}:/home/ibrahim/RobotArm/install/main_arm_package:/home/ibrahim/RobotArm/install/action_interfaces:/opt/ros/humble /usr/bin/cmake --install /home/ibrahim/ChampQuadbot/build/champ_teleop
[0.203s] -- Install configuration: ""
[0.203s] -- Up-to-date: /home/ibrahim/ChampQuadbot/install/champ_teleop/share/champ_teleop/launch
[0.204s] -- Up-to-date: /home/ibrahim/ChampQuadbot/install/champ_teleop/share/champ_teleop/launch/teleop.launch.py
[0.204s] -- Up-to-date: /home/ibrahim/ChampQuadbot/install/champ_teleop/lib/champ_teleop/champ_teleop.py
[0.204s] -- Up-to-date: /home/ibrahim/ChampQuadbot/install/champ_teleop/share/ament_index/resource_index/package_run_dependencies/champ_teleop
[0.205s] -- Up-to-date: /home/ibrahim/ChampQuadbot/install/champ_teleop/share/ament_index/resource_index/parent_prefix_path/champ_teleop
[0.205s] -- Up-to-date: /home/ibrahim/ChampQuadbot/install/champ_teleop/share/champ_teleop/environment/ament_prefix_path.sh
[0.205s] -- Up-to-date: /home/ibrahim/ChampQuadbot/install/champ_teleop/share/champ_teleop/environment/ament_prefix_path.dsv
[0.205s] -- Up-to-date: /home/ibrahim/ChampQuadbot/install/champ_teleop/share/champ_teleop/environment/path.sh
[0.206s] -- Up-to-date: /home/ibrahim/ChampQuadbot/install/champ_teleop/share/champ_teleop/environment/path.dsv
[0.206s] -- Up-to-date: /home/ibrahim/ChampQuadbot/install/champ_teleop/share/champ_teleop/local_setup.bash
[0.206s] -- Up-to-date: /home/ibrahim/ChampQuadbot/install/champ_teleop/share/champ_teleop/local_setup.sh
[0.207s] -- Up-to-date: /home/ibrahim/ChampQuadbot/install/champ_teleop/share/champ_teleop/local_setup.zsh
[0.207s] -- Up-to-date: /home/ibrahim/ChampQuadbot/install/champ_teleop/share/champ_teleop/local_setup.dsv
[0.207s] -- Installing: /home/ibrahim/ChampQuadbot/install/champ_teleop/share/champ_teleop/package.dsv
[0.207s] -- Up-to-date: /home/ibrahim/ChampQuadbot/install/champ_teleop/share/ament_index/resource_index/packages/champ_teleop
[0.208s] -- Up-to-date: /home/ibrahim/ChampQuadbot/install/champ_teleop/share/champ_teleop/cmake/champ_teleopConfig.cmake
[0.208s] -- Up-to-date: /home/ibrahim/ChampQuadbot/install/champ_teleop/share/champ_teleop/cmake/champ_teleopConfig-version.cmake
[0.208s] -- Up-to-date: /home/ibrahim/ChampQuadbot/install/champ_teleop/share/champ_teleop/package.xml
[0.230s] Invoked command in '/home/ibrahim/ChampQuadbot/build/champ_teleop' returned '0': CMAKE_PREFIX_PATH=${CMAKE_PREFIX_PATH}:/home/ibrahim/RobotArm/install/main_arm_package:/home/ibrahim/RobotArm/install/action_interfaces:/opt/ros/humble /usr/bin/cmake --install /home/ibrahim/ChampQuadbot/build/champ_teleop
