[0.050s] Invoking command in '/home/ibrahim/ChampQuadbot/build/champ_navigation': CMAKE_PREFIX_PATH=${CMAKE_PREFIX_PATH}:/home/ibrahim/RobotArm/install/main_arm_package:/home/ibrahim/RobotArm/install/action_interfaces:/opt/ros/humble /usr/bin/cmake --build /home/ibrahim/ChampQuadbot/build/champ_navigation -- -j16 -l16
[0.156s] Invoked command in '/home/ibrahim/ChampQuadbot/build/champ_navigation' returned '0': CMAKE_PREFIX_PATH=${CMAKE_PREFIX_PATH}:/home/ibrahim/RobotArm/install/main_arm_package:/home/ibrahim/RobotArm/install/action_interfaces:/opt/ros/humble /usr/bin/cmake --build /home/ibrahim/ChampQuadbot/build/champ_navigation -- -j16 -l16
[0.159s] Invoking command in '/home/ibrahim/ChampQuadbot/build/champ_navigation': CMAKE_PREFIX_PATH=${CMAKE_PREFIX_PATH}:/home/ibrahim/RobotArm/install/main_arm_package:/home/ibrahim/RobotArm/install/action_interfaces:/opt/ros/humble /usr/bin/cmake --install /home/ibrahim/ChampQuadbot/build/champ_navigation
[0.191s] -- Install configuration: ""
[0.191s] -- Up-to-date: /home/ibrahim/ChampQuadbot/install/champ_navigation/share/champ_navigation/launch
[0.192s] -- Up-to-date: /home/ibrahim/ChampQuadbot/install/champ_navigation/share/champ_navigation/launch/navigate.launch.py
[0.192s] -- Up-to-date: /home/ibrahim/ChampQuadbot/install/champ_navigation/share/champ_navigation/launch/slam.launch.py
[0.193s] -- Up-to-date: /home/ibrahim/ChampQuadbot/install/champ_navigation/share/champ_navigation/rviz
[0.193s] -- Up-to-date: /home/ibrahim/ChampQuadbot/install/champ_navigation/share/champ_navigation/rviz/slam.rviz
[0.193s] -- Up-to-date: /home/ibrahim/ChampQuadbot/install/champ_navigation/share/champ_navigation/rviz/navigation_minimal.rviz
[0.193s] -- Up-to-date: /home/ibrahim/ChampQuadbot/install/champ_navigation/share/champ_navigation/rviz/navigation.rviz
[0.193s] -- Up-to-date: /home/ibrahim/ChampQuadbot/install/champ_navigation/share/ament_index/resource_index/package_run_dependencies/champ_navigation
[0.194s] -- Up-to-date: /home/ibrahim/ChampQuadbot/install/champ_navigation/share/ament_index/resource_index/parent_prefix_path/champ_navigation
[0.194s] -- Up-to-date: /home/ibrahim/ChampQuadbot/install/champ_navigation/share/champ_navigation/environment/ament_prefix_path.sh
[0.195s] -- Up-to-date: /home/ibrahim/ChampQuadbot/install/champ_navigation/share/champ_navigation/environment/ament_prefix_path.dsv
[0.195s] -- Up-to-date: /home/ibrahim/ChampQuadbot/install/champ_navigation/share/champ_navigation/environment/path.sh
[0.195s] -- Up-to-date: /home/ibrahim/ChampQuadbot/install/champ_navigation/share/champ_navigation/environment/path.dsv
[0.196s] -- Up-to-date: /home/ibrahim/ChampQuadbot/install/champ_navigation/share/champ_navigation/local_setup.bash
[0.197s] -- Up-to-date: /home/ibrahim/ChampQuadbot/install/champ_navigation/share/champ_navigation/local_setup.sh
[0.197s] -- Up-to-date: /home/ibrahim/ChampQuadbot/install/champ_navigation/share/champ_navigation/local_setup.zsh
[0.197s] -- Up-to-date: /home/ibrahim/ChampQuadbot/install/champ_navigation/share/champ_navigation/local_setup.dsv
[0.197s] -- Installing: /home/ibrahim/ChampQuadbot/install/champ_navigation/share/champ_navigation/package.dsv
[0.198s] -- Up-to-date: /home/ibrahim/ChampQuadbot/install/champ_navigation/share/ament_index/resource_index/packages/champ_navigation
[0.198s] -- Up-to-date: /home/ibrahim/ChampQuadbot/install/champ_navigation/share/champ_navigation/cmake/champ_navigationConfig.cmake
[0.198s] -- Up-to-date: /home/ibrahim/ChampQuadbot/install/champ_navigation/share/champ_navigation/cmake/champ_navigationConfig-version.cmake
[0.198s] -- Up-to-date: /home/ibrahim/ChampQuadbot/install/champ_navigation/share/champ_navigation/package.xml
[0.241s] Invoked command in '/home/ibrahim/ChampQuadbot/build/champ_navigation' returned '0': CMAKE_PREFIX_PATH=${CMAKE_PREFIX_PATH}:/home/ibrahim/RobotArm/install/main_arm_package:/home/ibrahim/RobotArm/install/action_interfaces:/opt/ros/humble /usr/bin/cmake --install /home/ibrahim/ChampQuadbot/build/champ_navigation
