[0.110s] Invoking command in '/home/ibrahim/ChampQuadbot/build/champ_description': CMAKE_PREFIX_PATH=${CMAKE_PREFIX_PATH}:/home/ibrahim/RobotArm/install/main_arm_package:/home/ibrahim/RobotArm/install/action_interfaces:/opt/ros/humble /usr/bin/cmake --build /home/ibrahim/ChampQuadbot/build/champ_description -- -j16 -l16
[0.244s] Invoked command in '/home/ibrahim/ChampQuadbot/build/champ_description' returned '0': CMAKE_PREFIX_PATH=${CMAKE_PREFIX_PATH}:/home/ibrahim/RobotArm/install/main_arm_package:/home/ibrahim/RobotArm/install/action_interfaces:/opt/ros/humble /usr/bin/cmake --build /home/ibrahim/ChampQuadbot/build/champ_description -- -j16 -l16
[0.245s] Invoking command in '/home/ibrahim/ChampQuadbot/build/champ_description': CMAKE_PREFIX_PATH=${CMAKE_PREFIX_PATH}:/home/ibrahim/RobotArm/install/main_arm_package:/home/ibrahim/RobotArm/install/action_interfaces:/opt/ros/humble /usr/bin/cmake --install /home/ibrahim/ChampQuadbot/build/champ_description
[0.256s] -- Install configuration: ""
[0.256s] -- Up-to-date: /home/ibrahim/ChampQuadbot/install/champ_description/share/champ_description/launch
[0.256s] -- Up-to-date: /home/ibrahim/ChampQuadbot/install/champ_description/share/champ_description/launch/description.launch
[0.256s] -- Up-to-date: /home/ibrahim/ChampQuadbot/install/champ_description/share/champ_description/launch/description.launch.py
[0.256s] -- Up-to-date: /home/ibrahim/ChampQuadbot/install/champ_description/share/champ_description/launch/view_urdf.launch
[0.256s] -- Up-to-date: /home/ibrahim/ChampQuadbot/install/champ_description/share/champ_description/rviz
[0.256s] -- Up-to-date: /home/ibrahim/ChampQuadbot/install/champ_description/share/champ_description/rviz/urdf_viewer.rviz
[0.256s] -- Up-to-date: /home/ibrahim/ChampQuadbot/install/champ_description/share/champ_description/meshes
[0.256s] -- Up-to-date: /home/ibrahim/ChampQuadbot/install/champ_description/share/champ_description/meshes/hip.stl
[0.256s] -- Up-to-date: /home/ibrahim/ChampQuadbot/install/champ_description/share/champ_description/meshes/upper_leg_simple.stl
[0.256s] -- Up-to-date: /home/ibrahim/ChampQuadbot/install/champ_description/share/champ_description/meshes/base_simple.stl
[0.256s] -- Up-to-date: /home/ibrahim/ChampQuadbot/install/champ_description/share/champ_description/meshes/hokuyo_utm_30lx.dae
[0.256s] -- Up-to-date: /home/ibrahim/ChampQuadbot/install/champ_description/share/champ_description/meshes/base.stl
[0.256s] -- Up-to-date: /home/ibrahim/ChampQuadbot/install/champ_description/share/champ_description/meshes/asus_camera_simple.dae
[0.256s] -- Up-to-date: /home/ibrahim/ChampQuadbot/install/champ_description/share/champ_description/meshes/lower_leg.stl
[0.256s] -- Up-to-date: /home/ibrahim/ChampQuadbot/install/champ_description/share/champ_description/meshes/upper_leg.stl
[0.257s] -- Up-to-date: /home/ibrahim/ChampQuadbot/install/champ_description/share/champ_description/meshes/arm
[0.257s] -- Up-to-date: /home/ibrahim/ChampQuadbot/install/champ_description/share/champ_description/meshes/arm/upper_arm.stl
[0.258s] -- Up-to-date: /home/ibrahim/ChampQuadbot/install/champ_description/share/champ_description/meshes/arm/wrist1.stl
[0.258s] -- Up-to-date: /home/ibrahim/ChampQuadbot/install/champ_description/share/champ_description/meshes/arm/lower_arm.stl
[0.259s] -- Up-to-date: /home/ibrahim/ChampQuadbot/install/champ_description/share/champ_description/meshes/arm/base.stl
[0.259s] -- Up-to-date: /home/ibrahim/ChampQuadbot/install/champ_description/share/champ_description/meshes/arm/wrist2.stl
[0.259s] -- Up-to-date: /home/ibrahim/ChampQuadbot/install/champ_description/share/champ_description/meshes/lower_leg_simple.stl
[0.260s] -- Up-to-date: /home/ibrahim/ChampQuadbot/install/champ_description/share/champ_description/urdf
[0.260s] -- Up-to-date: /home/ibrahim/ChampQuadbot/install/champ_description/share/champ_description/urdf/accessories.urdf.xacro
[0.261s] -- Up-to-date: /home/ibrahim/ChampQuadbot/install/champ_description/share/champ_description/urdf/champ.urdf
[0.262s] -- Up-to-date: /home/ibrahim/ChampQuadbot/install/champ_description/share/champ_description/urdf/properties.urdf.xacro
[0.263s] -- Up-to-date: /home/ibrahim/ChampQuadbot/install/champ_description/share/champ_description/urdf/champ_arm.urdf
[0.263s] -- Up-to-date: /home/ibrahim/ChampQuadbot/install/champ_description/share/champ_description/urdf/asus_camera.urdf.xacro
[0.264s] -- Up-to-date: /home/ibrahim/ChampQuadbot/install/champ_description/share/champ_description/urdf/champ_velodyne.urdf
[0.264s] -- Up-to-date: /home/ibrahim/ChampQuadbot/install/champ_description/share/champ_description/urdf/hokuyo_utm30lx.urdf.xacro
[0.264s] -- Up-to-date: /home/ibrahim/ChampQuadbot/install/champ_description/share/champ_description/urdf/leg.urdf.xacro
[0.265s] -- Up-to-date: /home/ibrahim/ChampQuadbot/install/champ_description/share/champ_description/urdf/champ.urdf.xacro
[0.265s] -- Up-to-date: /home/ibrahim/ChampQuadbot/install/champ_description/share/champ_description/urdf/gen_urdf
[0.265s] -- Up-to-date: /home/ibrahim/ChampQuadbot/install/champ_description/share/ament_index/resource_index/package_run_dependencies/champ_description
[0.266s] -- Up-to-date: /home/ibrahim/ChampQuadbot/install/champ_description/share/ament_index/resource_index/parent_prefix_path/champ_description
[0.266s] -- Up-to-date: /home/ibrahim/ChampQuadbot/install/champ_description/share/champ_description/environment/ament_prefix_path.sh
[0.266s] -- Up-to-date: /home/ibrahim/ChampQuadbot/install/champ_description/share/champ_description/environment/ament_prefix_path.dsv
[0.266s] -- Up-to-date: /home/ibrahim/ChampQuadbot/install/champ_description/share/champ_description/environment/path.sh
[0.267s] -- Up-to-date: /home/ibrahim/ChampQuadbot/install/champ_description/share/champ_description/environment/path.dsv
[0.267s] -- Up-to-date: /home/ibrahim/ChampQuadbot/install/champ_description/share/champ_description/local_setup.bash
[0.267s] -- Up-to-date: /home/ibrahim/ChampQuadbot/install/champ_description/share/champ_description/local_setup.sh
[0.268s] -- Up-to-date: /home/ibrahim/ChampQuadbot/install/champ_description/share/champ_description/local_setup.zsh
[0.268s] -- Up-to-date: /home/ibrahim/ChampQuadbot/install/champ_description/share/champ_description/local_setup.dsv
[0.268s] -- Installing: /home/ibrahim/ChampQuadbot/install/champ_description/share/champ_description/package.dsv
[0.268s] -- Up-to-date: /home/ibrahim/ChampQuadbot/install/champ_description/share/ament_index/resource_index/packages/champ_description
[0.269s] -- Up-to-date: /home/ibrahim/ChampQuadbot/install/champ_description/share/champ_description/cmake/champ_descriptionConfig.cmake
[0.269s] -- Up-to-date: /home/ibrahim/ChampQuadbot/install/champ_description/share/champ_description/cmake/champ_descriptionConfig-version.cmake
[0.269s] -- Up-to-date: /home/ibrahim/ChampQuadbot/install/champ_description/share/champ_description/package.xml
[0.310s] Invoked command in '/home/ibrahim/ChampQuadbot/build/champ_description' returned '0': CMAKE_PREFIX_PATH=${CMAKE_PREFIX_PATH}:/home/ibrahim/RobotArm/install/main_arm_package:/home/ibrahim/RobotArm/install/action_interfaces:/opt/ros/humble /usr/bin/cmake --install /home/ibrahim/ChampQuadbot/build/champ_description
