[100%] Built target JointMover
-- Install configuration: ""
-- Up-to-date: /home/ibrahim/ChampQuadbot/install/champbot_nodes/lib/champbot_nodes/JointMover
-- Up-to-date: /home/ibrahim/ChampQuadbot/install/champbot_nodes/share/champbot_nodes/launch
-- Up-to-date: /home/ibrahim/ChampQuadbot/install/champbot_nodes/share/champbot_nodes/launch/bringup.launch.py
-- Up-to-date: /home/ibrahim/ChampQuadbot/install/champbot_nodes/share/champbot_nodes/launch/display.launch.py
-- Up-to-date: /home/ibrahim/ChampQuadbot/install/champbot_nodes/share/champbot_nodes/launch/gazebo.launch.py
-- Up-to-date: /home/ibrahim/ChampQuadbot/install/champbot_nodes/share/champbot_nodes/urdf
-- Installing: /home/ibrahim/ChampQuadbot/install/champbot_nodes/share/champbot_nodes/urdf/robot.urdf.xacro
-- Up-to-date: /home/ibrahim/ChampQuadbot/install/champbot_nodes/share/champbot_nodes/rviz
-- Up-to-date: /home/ibrahim/ChampQuadbot/install/champbot_nodes/share/champbot_nodes/rviz/model.rviz
-- Up-to-date: /home/ibrahim/ChampQuadbot/install/champbot_nodes/share/ament_index/resource_index/package_run_dependencies/champbot_nodes
-- Up-to-date: /home/ibrahim/ChampQuadbot/install/champbot_nodes/share/ament_index/resource_index/parent_prefix_path/champbot_nodes
-- Up-to-date: /home/ibrahim/ChampQuadbot/install/champbot_nodes/share/champbot_nodes/environment/ament_prefix_path.sh
-- Up-to-date: /home/ibrahim/ChampQuadbot/install/champbot_nodes/share/champbot_nodes/environment/ament_prefix_path.dsv
-- Up-to-date: /home/ibrahim/ChampQuadbot/install/champbot_nodes/share/champbot_nodes/environment/path.sh
-- Up-to-date: /home/ibrahim/ChampQuadbot/install/champbot_nodes/share/champbot_nodes/environment/path.dsv
-- Up-to-date: /home/ibrahim/ChampQuadbot/install/champbot_nodes/share/champbot_nodes/local_setup.bash
-- Up-to-date: /home/ibrahim/ChampQuadbot/install/champbot_nodes/share/champbot_nodes/local_setup.sh
-- Up-to-date: /home/ibrahim/ChampQuadbot/install/champbot_nodes/share/champbot_nodes/local_setup.zsh
-- Up-to-date: /home/ibrahim/ChampQuadbot/install/champbot_nodes/share/champbot_nodes/local_setup.dsv
-- Installing: /home/ibrahim/ChampQuadbot/install/champbot_nodes/share/champbot_nodes/package.dsv
-- Up-to-date: /home/ibrahim/ChampQuadbot/install/champbot_nodes/share/ament_index/resource_index/packages/champbot_nodes
-- Up-to-date: /home/ibrahim/ChampQuadbot/install/champbot_nodes/share/champbot_nodes/cmake/champbot_nodesConfig.cmake
-- Up-to-date: /home/ibrahim/ChampQuadbot/install/champbot_nodes/share/champbot_nodes/cmake/champbot_nodesConfig-version.cmake
-- Up-to-date: /home/ibrahim/ChampQuadbot/install/champbot_nodes/share/champbot_nodes/package.xml
